<?xml version="1.0" encoding="UTF-8" standalone="no"?>
<!DOCTYPE log SYSTEM "logger.dtd">
<log>
<record>
  <date>2023-11-22T20:22:13</date>
  <millis>1700680933352</millis>
  <sequence>0</sequence>
  <level>START</level>
  <class>com.kms.katalon.core.logging.XmlKeywordLogger</class>
  <method>startSuite</method>
  <thread>1</thread>
  <message>Start Test Suite : Test Suites/TS_TNR_R.TSPT_Suppo90</message>
  <nestedLevel>0</nestedLevel>
  <escapedJava>false</escapedJava>
  <property name="rerunTestFailImmediately">true</property>
  <property name="retryCount">0</property>
  <property name="name">TS_TNR_R.TSPT_Suppo90</property>
  <property name="description"></property>
  <property name="id">Test Suites/TS_TNR_R.TSPT_Suppo90</property>
</record>
<record>
  <date>2023-11-22T20:22:13</date>
  <millis>1700680933369</millis>
  <sequence>1</sequence>
  <level>RUN_DATA</level>
  <class>com.kms.katalon.core.logging.XmlKeywordLogger</class>
  <method>logMessage</method>
  <thread>1</thread>
  <message>hostName = issam.rharbaoui - FR-L5448059.groupinfra.com</message>
  <nestedLevel>0</nestedLevel>
  <escapedJava>false</escapedJava>
  <property name="hostName">issam.rharbaoui - FR-L5448059.groupinfra.com</property>
</record>
<record>
  <date>2023-11-22T20:22:13</date>
  <millis>1700680933370</millis>
  <sequence>2</sequence>
  <level>RUN_DATA</level>
  <class>com.kms.katalon.core.logging.XmlKeywordLogger</class>
  <method>logMessage</method>
  <thread>1</thread>
  <message>os = Windows 10 64bit</message>
  <nestedLevel>0</nestedLevel>
  <escapedJava>false</escapedJava>
  <property name="os">Windows 10 64bit</property>
</record>
<record>
  <date>2023-11-22T20:22:13</date>
  <millis>1700680933370</millis>
  <sequence>3</sequence>
  <level>RUN_DATA</level>
  <class>com.kms.katalon.core.logging.XmlKeywordLogger</class>
  <method>logMessage</method>
  <thread>1</thread>
  <message>hostAddress = 192.168.1.134</message>
  <nestedLevel>0</nestedLevel>
  <escapedJava>false</escapedJava>
  <property name="hostAddress">192.168.1.134</property>
</record>
<record>
  <date>2023-11-22T20:22:13</date>
  <millis>1700680933371</millis>
  <sequence>4</sequence>
  <level>RUN_DATA</level>
  <class>com.kms.katalon.core.logging.XmlKeywordLogger</class>
  <method>logMessage</method>
  <thread>1</thread>
  <message>katalonVersion = 8.6.5.208</message>
  <nestedLevel>0</nestedLevel>
  <escapedJava>false</escapedJava>
  <property name="katalonVersion">8.6.5.208</property>
</record>
<record>
  <date>2023-11-22T20:22:13</date>
  <millis>1700680933911</millis>
  <sequence>5</sequence>
  <level>START</level>
  <class>com.kms.katalon.core.logging.XmlKeywordLogger</class>
  <method>startTest</method>
  <thread>1</thread>
  <message>Start Test Case : Test Cases/Cas D Utilisations/Usager Etudiant/TNR R.TSPT Supp90-Etudiant</message>
  <nestedLevel>1</nestedLevel>
  <escapedJava>false</escapedJava>
  <property name="remainingRetryCount">0</property>
  <property name="name">Test Cases/Cas D Utilisations/Usager Etudiant/TNR R.TSPT Supp90-Etudiant</property>
  <property name="description"></property>
  <property name="iteration">Visiteur</property>
  <property name="id">Test Cases/Cas D Utilisations/Usager Etudiant/TNR R.TSPT Supp90-Etudiant</property>
  <property name="source">C:\Users\ISSAM.RHARBAOUI\git\22_11\ANEF-AutomatizationProject\Test Cases\Cas D Utilisations\Usager Etudiant\TNR R.TSPT Supp90-Etudiant.tc</property>
  <property name="tag"></property>
  <property name="isOptional">false</property>
  <property name="currentRetryCount">0</property>
</record>
<record>
  <date>2023-11-22T20:22:13</date>
  <millis>1700680933945</millis>
  <sequence>7</sequence>
  <level>ERROR</level>
  <class>com.kms.katalon.core.logging.XmlKeywordLogger</class>
  <method>logMessage</method>
  <thread>1</thread>
  <message>Test Cases/Cas D Utilisations/Usager Etudiant/TNR R.TSPT Supp90-Etudiant has ERROR(s).
Reason:
org.codehaus.groovy.control.MultipleCompilationErrorsException: startup failed:
script1700680933915.groovy: 31: unexpected token: , @ line 31, column 9.
           , (&amp;apos;DateFin&amp;apos;) : DateFin, (&amp;apos;EnvExec&amp;apos;) :EnvExec], FailureHandling.STOP_ON_FAILURE)
           ^

1 error
</message>
  <nestedLevel>1</nestedLevel>
  <escapedJava>false</escapedJava>
  <property name="failed.exception.class">org.codehaus.groovy.control.MultipleCompilationErrorsException</property>
  <property name="failed.exception.stacktrace">org.codehaus.groovy.control.MultipleCompilationErrorsException: startup failed:
script1700680933915.groovy: 31: unexpected token: , @ line 31, column 9.
           , (&apos;DateFin&apos;) : DateFin, (&apos;EnvExec&apos;) :EnvExec], FailureHandling.STOP_ON_FAILURE)
           ^

1 error

	at com.kms.katalon.core.main.TestCaseMethodNodeCollector.&lt;init&gt;(TestCaseMethodNodeCollector.java:43)
	at com.kms.katalon.core.main.TestCaseExecutor.processScriptPreparationPhase(TestCaseExecutor.java:184)
	at com.kms.katalon.core.main.TestCaseExecutor.execute(TestCaseExecutor.java:259)
	at com.kms.katalon.core.common.CommonExecutor.accessTestCaseMainPhase(CommonExecutor.java:65)
	at com.kms.katalon.core.main.TestSuiteExecutor.accessTestSuiteMainPhase(TestSuiteExecutor.java:148)
	at com.kms.katalon.core.main.TestSuiteExecutor.execute(TestSuiteExecutor.java:106)
	at com.kms.katalon.core.main.TestCaseMain.startTestSuite(TestCaseMain.java:187)
	at com.kms.katalon.core.main.TestCaseMain$startTestSuite$0.call(Unknown Source)
	at TempTestSuite1700680930576.run(TempTestSuite1700680930576.groovy:36)
</property>
  <property name="failed.exception.message">startup failed:
script1700680933915.groovy: 31: unexpected token: , @ line 31, column 9.
           , (&apos;DateFin&apos;) : DateFin, (&apos;EnvExec&apos;) :EnvExec], FailureHandling.STOP_ON_FAILURE)
           ^

1 error
</property>
</record>
<record>
  <date>2023-11-22T20:22:13</date>
  <millis>1700680933950</millis>
  <sequence>8</sequence>
  <level>END</level>
  <class>com.kms.katalon.core.logging.XmlKeywordLogger</class>
  <method>endTest</method>
  <thread>1</thread>
  <message>End Test Case : Test Cases/Cas D Utilisations/Usager Etudiant/TNR R.TSPT Supp90-Etudiant</message>
  <nestedLevel>0</nestedLevel>
  <escapedJava>false</escapedJava>
  <property name="executionBindingVariables">[]</property>
  <property name="applitools">false</property>
  <property name="remainingRetryCount">0</property>
  <property name="currentRetryCount">0</property>
  <property name="keywordsUsage">{
  &quot;web_ui&quot;: false,
  &quot;web_service&quot;: false,
  &quot;cucumber&quot;: false,
  &quot;builtin&quot;: false,
  &quot;mobile&quot;: false,
  &quot;windows&quot;: false,
  &quot;testng&quot;: false
}</property>
</record>
<record>
  <date>2023-11-22T20:22:14</date>
  <millis>1700680934115</millis>
  <sequence>9</sequence>
  <level>START</level>
  <class>com.kms.katalon.core.logging.XmlKeywordLogger</class>
  <method>startTest</method>
  <thread>1</thread>
  <message>Start Test Case : Test Cases/Cas D Utilisations/Usager Etudiant/TNR R.TSPT Supp90-Etudiant</message>
  <nestedLevel>1</nestedLevel>
  <escapedJava>false</escapedJava>
  <property name="remainingRetryCount">0</property>
  <property name="name">Test Cases/Cas D Utilisations/Usager Etudiant/TNR R.TSPT Supp90-Etudiant</property>
  <property name="description"></property>
  <property name="iteration">ChercheurEtChercheurEnMobilite</property>
  <property name="id">Test Cases/Cas D Utilisations/Usager Etudiant/TNR R.TSPT Supp90-Etudiant</property>
  <property name="source">C:\Users\ISSAM.RHARBAOUI\git\22_11\ANEF-AutomatizationProject\Test Cases\Cas D Utilisations\Usager Etudiant\TNR R.TSPT Supp90-Etudiant.tc</property>
  <property name="tag"></property>
  <property name="isOptional">false</property>
  <property name="currentRetryCount">0</property>
</record>
<record>
  <date>2023-11-22T20:22:14</date>
  <millis>1700680934121</millis>
  <sequence>11</sequence>
  <level>ERROR</level>
  <class>com.kms.katalon.core.logging.XmlKeywordLogger</class>
  <method>logMessage</method>
  <thread>1</thread>
  <message>Test Cases/Cas D Utilisations/Usager Etudiant/TNR R.TSPT Supp90-Etudiant has ERROR(s).
Reason:
org.codehaus.groovy.control.MultipleCompilationErrorsException: startup failed:
script1700680934117.groovy: 31: unexpected token: , @ line 31, column 9.
           , (&amp;apos;DateFin&amp;apos;) : DateFin, (&amp;apos;EnvExec&amp;apos;) :EnvExec], FailureHandling.STOP_ON_FAILURE)
           ^

1 error
</message>
  <nestedLevel>1</nestedLevel>
  <escapedJava>false</escapedJava>
  <property name="failed.exception.class">org.codehaus.groovy.control.MultipleCompilationErrorsException</property>
  <property name="failed.exception.stacktrace">org.codehaus.groovy.control.MultipleCompilationErrorsException: startup failed:
script1700680934117.groovy: 31: unexpected token: , @ line 31, column 9.
           , (&apos;DateFin&apos;) : DateFin, (&apos;EnvExec&apos;) :EnvExec], FailureHandling.STOP_ON_FAILURE)
           ^

1 error

	at com.kms.katalon.core.main.TestCaseMethodNodeCollector.&lt;init&gt;(TestCaseMethodNodeCollector.java:43)
	at com.kms.katalon.core.main.TestCaseExecutor.processScriptPreparationPhase(TestCaseExecutor.java:184)
	at com.kms.katalon.core.main.TestCaseExecutor.execute(TestCaseExecutor.java:259)
	at com.kms.katalon.core.common.CommonExecutor.accessTestCaseMainPhase(CommonExecutor.java:65)
	at com.kms.katalon.core.main.TestSuiteExecutor.accessTestSuiteMainPhase(TestSuiteExecutor.java:148)
	at com.kms.katalon.core.main.TestSuiteExecutor.execute(TestSuiteExecutor.java:106)
	at com.kms.katalon.core.main.TestCaseMain.startTestSuite(TestCaseMain.java:187)
	at com.kms.katalon.core.main.TestCaseMain$startTestSuite$0.call(Unknown Source)
	at TempTestSuite1700680930576.run(TempTestSuite1700680930576.groovy:36)
</property>
  <property name="failed.exception.message">startup failed:
script1700680934117.groovy: 31: unexpected token: , @ line 31, column 9.
           , (&apos;DateFin&apos;) : DateFin, (&apos;EnvExec&apos;) :EnvExec], FailureHandling.STOP_ON_FAILURE)
           ^

1 error
</property>
</record>
<record>
  <date>2023-11-22T20:22:14</date>
  <millis>1700680934123</millis>
  <sequence>12</sequence>
  <level>END</level>
  <class>com.kms.katalon.core.logging.XmlKeywordLogger</class>
  <method>endTest</method>
  <thread>1</thread>
  <message>End Test Case : Test Cases/Cas D Utilisations/Usager Etudiant/TNR R.TSPT Supp90-Etudiant</message>
  <nestedLevel>0</nestedLevel>
  <escapedJava>false</escapedJava>
  <property name="executionBindingVariables">[]</property>
  <property name="applitools">false</property>
  <property name="remainingRetryCount">0</property>
  <property name="currentRetryCount">0</property>
  <property name="keywordsUsage">{
  &quot;web_ui&quot;: false,
  &quot;web_service&quot;: false,
  &quot;cucumber&quot;: false,
  &quot;builtin&quot;: false,
  &quot;mobile&quot;: false,
  &quot;windows&quot;: false,
  &quot;testng&quot;: false
}</property>
</record>
<record>
  <date>2023-11-22T20:22:14</date>
  <millis>1700680934260</millis>
  <sequence>13</sequence>
  <level>START</level>
  <class>com.kms.katalon.core.logging.XmlKeywordLogger</class>
  <method>startTest</method>
  <thread>1</thread>
  <message>Start Test Case : Test Cases/Cas D Utilisations/Usager Etudiant/TNR R.TSPT Supp90-Etudiant</message>
  <nestedLevel>1</nestedLevel>
  <escapedJava>false</escapedJava>
  <property name="remainingRetryCount">0</property>
  <property name="name">Test Cases/Cas D Utilisations/Usager Etudiant/TNR R.TSPT Supp90-Etudiant</property>
  <property name="description"></property>
  <property name="iteration">CreateurDEntreprise</property>
  <property name="id">Test Cases/Cas D Utilisations/Usager Etudiant/TNR R.TSPT Supp90-Etudiant</property>
  <property name="source">C:\Users\ISSAM.RHARBAOUI\git\22_11\ANEF-AutomatizationProject\Test Cases\Cas D Utilisations\Usager Etudiant\TNR R.TSPT Supp90-Etudiant.tc</property>
  <property name="tag"></property>
  <property name="isOptional">false</property>
  <property name="currentRetryCount">0</property>
</record>
<record>
  <date>2023-11-22T20:22:14</date>
  <millis>1700680934265</millis>
  <sequence>15</sequence>
  <level>ERROR</level>
  <class>com.kms.katalon.core.logging.XmlKeywordLogger</class>
  <method>logMessage</method>
  <thread>1</thread>
  <message>Test Cases/Cas D Utilisations/Usager Etudiant/TNR R.TSPT Supp90-Etudiant has ERROR(s).
Reason:
org.codehaus.groovy.control.MultipleCompilationErrorsException: startup failed:
script1700680934261.groovy: 31: unexpected token: , @ line 31, column 9.
           , (&amp;apos;DateFin&amp;apos;) : DateFin, (&amp;apos;EnvExec&amp;apos;) :EnvExec], FailureHandling.STOP_ON_FAILURE)
           ^

1 error
</message>
  <nestedLevel>1</nestedLevel>
  <escapedJava>false</escapedJava>
  <property name="failed.exception.class">org.codehaus.groovy.control.MultipleCompilationErrorsException</property>
  <property name="failed.exception.stacktrace">org.codehaus.groovy.control.MultipleCompilationErrorsException: startup failed:
script1700680934261.groovy: 31: unexpected token: , @ line 31, column 9.
           , (&apos;DateFin&apos;) : DateFin, (&apos;EnvExec&apos;) :EnvExec], FailureHandling.STOP_ON_FAILURE)
           ^

1 error

	at com.kms.katalon.core.main.TestCaseMethodNodeCollector.&lt;init&gt;(TestCaseMethodNodeCollector.java:43)
	at com.kms.katalon.core.main.TestCaseExecutor.processScriptPreparationPhase(TestCaseExecutor.java:184)
	at com.kms.katalon.core.main.TestCaseExecutor.execute(TestCaseExecutor.java:259)
	at com.kms.katalon.core.common.CommonExecutor.accessTestCaseMainPhase(CommonExecutor.java:65)
	at com.kms.katalon.core.main.TestSuiteExecutor.accessTestSuiteMainPhase(TestSuiteExecutor.java:148)
	at com.kms.katalon.core.main.TestSuiteExecutor.execute(TestSuiteExecutor.java:106)
	at com.kms.katalon.core.main.TestCaseMain.startTestSuite(TestCaseMain.java:187)
	at com.kms.katalon.core.main.TestCaseMain$startTestSuite$0.call(Unknown Source)
	at TempTestSuite1700680930576.run(TempTestSuite1700680930576.groovy:36)
</property>
  <property name="failed.exception.message">startup failed:
script1700680934261.groovy: 31: unexpected token: , @ line 31, column 9.
           , (&apos;DateFin&apos;) : DateFin, (&apos;EnvExec&apos;) :EnvExec], FailureHandling.STOP_ON_FAILURE)
           ^

1 error
</property>
</record>
<record>
  <date>2023-11-22T20:22:14</date>
  <millis>1700680934267</millis>
  <sequence>16</sequence>
  <level>END</level>
  <class>com.kms.katalon.core.logging.XmlKeywordLogger</class>
  <method>endTest</method>
  <thread>1</thread>
  <message>End Test Case : Test Cases/Cas D Utilisations/Usager Etudiant/TNR R.TSPT Supp90-Etudiant</message>
  <nestedLevel>0</nestedLevel>
  <escapedJava>false</escapedJava>
  <property name="executionBindingVariables">[]</property>
  <property name="applitools">false</property>
  <property name="remainingRetryCount">0</property>
  <property name="currentRetryCount">0</property>
  <property name="keywordsUsage">{
  &quot;web_ui&quot;: false,
  &quot;web_service&quot;: false,
  &quot;cucumber&quot;: false,
  &quot;builtin&quot;: false,
  &quot;mobile&quot;: false,
  &quot;windows&quot;: false,
  &quot;testng&quot;: false
}</property>
</record>
<record>
  <date>2023-11-22T20:22:14</date>
  <millis>1700680934268</millis>
  <sequence>17</sequence>
  <level>START</level>
  <class>com.kms.katalon.core.logging.XmlKeywordLogger</class>
  <method>startKeyword</method>
  <thread>1</thread>
  <message>Start listener action : exportKatalonReports</message>
  <nestedLevel>0</nestedLevel>
  <escapedJava>false</escapedJava>
</record>
<record>
  <date>2023-11-22T20:22:14</date>
  <millis>1700680934269</millis>
  <sequence>18</sequence>
  <level>INFO</level>
  <class>com.kms.katalon.core.logging.XmlKeywordLogger</class>
  <method>logMessage</method>
  <thread>1</thread>
  <message>Starting invoke &amp;apos;com.kms.katalon.core.annotation.AfterTestSuite&amp;apos; method: &amp;apos;KatalonReportListener.exportKatalonReports(...)&amp;apos;</message>
  <nestedLevel>0</nestedLevel>
  <escapedJava>false</escapedJava>
</record>
<record>
  <date>2023-11-22T20:22:14</date>
  <millis>1700680934589</millis>
  <sequence>51</sequence>
  <level>INFO</level>
  <class>com.kms.katalon.core.logging.XmlKeywordLogger</class>
  <method>logMessage</method>
  <thread>1</thread>
  <message>Start generating HTML report folder at: C:\Users\ISSAM.RHARBAOUI\git\22_11\ANEF-AutomatizationProject\Reports\20231122_202210\TS_TNR_R.TSPT_Suppo90\20231122_202210...</message>
  <nestedLevel>0</nestedLevel>
  <escapedJava>false</escapedJava>
</record>
<record>
  <date>2023-11-22T20:22:14</date>
  <millis>1700680934616</millis>
  <sequence>52</sequence>
  <level>INFO</level>
  <class>com.kms.katalon.core.logging.XmlKeywordLogger</class>
  <method>logMessage</method>
  <thread>1</thread>
  <message>HTML report generated</message>
  <nestedLevel>0</nestedLevel>
  <escapedJava>false</escapedJava>
</record>
<record>
  <date>2023-11-22T20:22:14</date>
  <millis>1700680934616</millis>
  <sequence>53</sequence>
  <level>INFO</level>
  <class>com.kms.katalon.core.logging.XmlKeywordLogger</class>
  <method>logMessage</method>
  <thread>1</thread>
  <message>Start generating CSV report folder at: C:\Users\ISSAM.RHARBAOUI\git\22_11\ANEF-AutomatizationProject\Reports\20231122_202210\TS_TNR_R.TSPT_Suppo90\20231122_202210...</message>
  <nestedLevel>0</nestedLevel>
  <escapedJava>false</escapedJava>
</record>
<record>
  <date>2023-11-22T20:22:14</date>
  <millis>1700680934638</millis>
  <sequence>54</sequence>
  <level>INFO</level>
  <class>com.kms.katalon.core.logging.XmlKeywordLogger</class>
  <method>logMessage</method>
  <thread>1</thread>
  <message>CSV report generated</message>
  <nestedLevel>0</nestedLevel>
  <escapedJava>false</escapedJava>
</record>
<record>
  <date>2023-11-22T20:22:14</date>
  <millis>1700680934639</millis>
  <sequence>55</sequence>
  <level>INFO</level>
  <class>com.kms.katalon.core.logging.XmlKeywordLogger</class>
  <method>logMessage</method>
  <thread>1</thread>
  <message>Start generating PDF report folder at: C:\Users\ISSAM.RHARBAOUI\git\22_11\ANEF-AutomatizationProject\Reports\20231122_202210\TS_TNR_R.TSPT_Suppo90\20231122_202210...</message>
  <nestedLevel>0</nestedLevel>
  <escapedJava>false</escapedJava>
</record>
<record>
  <date>2023-11-22T20:22:18</date>
  <millis>1700680938387</millis>
  <sequence>56</sequence>
  <level>INFO</level>
  <class>com.kms.katalon.core.logging.XmlKeywordLogger</class>
  <method>logMessage</method>
  <thread>1</thread>
  <message>PDF report generated</message>
  <nestedLevel>0</nestedLevel>
  <escapedJava>false</escapedJava>
</record>
<record>
  <date>2023-11-22T20:22:18</date>
  <millis>1700680938421</millis>
  <sequence>57</sequence>
  <level>INFO</level>
  <class>com.kms.katalon.core.logging.XmlKeywordLogger</class>
  <method>logMessage</method>
  <thread>1</thread>
  <message>Invoke &amp;apos;com.kms.katalon.core.annotation.AfterTestSuite&amp;apos; method: &amp;apos;KatalonReportListener.exportKatalonReports(...)&amp;apos; completed.</message>
  <nestedLevel>0</nestedLevel>
  <escapedJava>false</escapedJava>
</record>
<record>
  <date>2023-11-22T20:22:18</date>
  <millis>1700680938422</millis>
  <sequence>58</sequence>
  <level>END</level>
  <class>com.kms.katalon.core.logging.XmlKeywordLogger</class>
  <method>endKeyword</method>
  <thread>1</thread>
  <message>End listener action : exportKatalonReports</message>
  <nestedLevel>0</nestedLevel>
  <escapedJava>false</escapedJava>
</record>
<record>
  <date>2023-11-22T20:22:18</date>
  <millis>1700680938490</millis>
  <sequence>59</sequence>
  <level>END</level>
  <class>com.kms.katalon.core.logging.XmlKeywordLogger</class>
  <method>endSuite</method>
  <thread>1</thread>
  <message>End Test Suite : Test Suites/TS_TNR_R.TSPT_Suppo90</message>
  <nestedLevel>0</nestedLevel>
  <escapedJava>false</escapedJava>
</record>
</log>
