<?xml version="1.0" encoding="UTF-8" standalone="no"?>
<!DOCTYPE log SYSTEM "logger.dtd">
<log>
<record>
  <date>2023-11-22T20:24:48</date>
  <millis>1700681088872</millis>
  <sequence>0</sequence>
  <level>START</level>
  <class>com.kms.katalon.core.logging.XmlKeywordLogger</class>
  <method>startSuite</method>
  <thread>1</thread>
  <message>Start Test Suite : Test Suites/TS_TNR_R.TSPT_Suppo90</message>
  <nestedLevel>0</nestedLevel>
  <escapedJava>false</escapedJava>
  <property name="rerunTestFailImmediately">true</property>
  <property name="retryCount">0</property>
  <property name="name">TS_TNR_R.TSPT_Suppo90</property>
  <property name="description"></property>
  <property name="id">Test Suites/TS_TNR_R.TSPT_Suppo90</property>
</record>
<record>
  <date>2023-11-22T20:24:48</date>
  <millis>1700681088888</millis>
  <sequence>1</sequence>
  <level>RUN_DATA</level>
  <class>com.kms.katalon.core.logging.XmlKeywordLogger</class>
  <method>logMessage</method>
  <thread>1</thread>
  <message>hostName = issam.rharbaoui - FR-L5448059.groupinfra.com</message>
  <nestedLevel>0</nestedLevel>
  <escapedJava>false</escapedJava>
  <property name="hostName">issam.rharbaoui - FR-L5448059.groupinfra.com</property>
</record>
<record>
  <date>2023-11-22T20:24:48</date>
  <millis>1700681088889</millis>
  <sequence>2</sequence>
  <level>RUN_DATA</level>
  <class>com.kms.katalon.core.logging.XmlKeywordLogger</class>
  <method>logMessage</method>
  <thread>1</thread>
  <message>os = Windows 10 64bit</message>
  <nestedLevel>0</nestedLevel>
  <escapedJava>false</escapedJava>
  <property name="os">Windows 10 64bit</property>
</record>
<record>
  <date>2023-11-22T20:24:48</date>
  <millis>1700681088889</millis>
  <sequence>3</sequence>
  <level>RUN_DATA</level>
  <class>com.kms.katalon.core.logging.XmlKeywordLogger</class>
  <method>logMessage</method>
  <thread>1</thread>
  <message>hostAddress = 192.168.1.134</message>
  <nestedLevel>0</nestedLevel>
  <escapedJava>false</escapedJava>
  <property name="hostAddress">192.168.1.134</property>
</record>
<record>
  <date>2023-11-22T20:24:48</date>
  <millis>1700681088890</millis>
  <sequence>4</sequence>
  <level>RUN_DATA</level>
  <class>com.kms.katalon.core.logging.XmlKeywordLogger</class>
  <method>logMessage</method>
  <thread>1</thread>
  <message>katalonVersion = 8.6.5.208</message>
  <nestedLevel>0</nestedLevel>
  <escapedJava>false</escapedJava>
  <property name="katalonVersion">8.6.5.208</property>
</record>
<record>
  <date>2023-11-22T20:24:49</date>
  <millis>1700681089408</millis>
  <sequence>5</sequence>
  <level>START</level>
  <class>com.kms.katalon.core.logging.XmlKeywordLogger</class>
  <method>startTest</method>
  <thread>1</thread>
  <message>Start Test Case : Test Cases/Cas D Utilisations/Usager Etudiant/TNR R.TSPT Supp90-Etudiant</message>
  <nestedLevel>1</nestedLevel>
  <escapedJava>false</escapedJava>
  <property name="remainingRetryCount">0</property>
  <property name="name">Test Cases/Cas D Utilisations/Usager Etudiant/TNR R.TSPT Supp90-Etudiant</property>
  <property name="description"></property>
  <property name="iteration">Visiteur</property>
  <property name="id">Test Cases/Cas D Utilisations/Usager Etudiant/TNR R.TSPT Supp90-Etudiant</property>
  <property name="source">C:\Users\ISSAM.RHARBAOUI\git\22_11\ANEF-AutomatizationProject\Test Cases\Cas D Utilisations\Usager Etudiant\TNR R.TSPT Supp90-Etudiant.tc</property>
  <property name="tag"></property>
  <property name="isOptional">false</property>
  <property name="currentRetryCount">0</property>
</record>
<record>
  <date>2023-11-22T20:24:49</date>
  <millis>1700681089443</millis>
  <sequence>7</sequence>
  <level>ERROR</level>
  <class>com.kms.katalon.core.logging.XmlKeywordLogger</class>
  <method>logMessage</method>
  <thread>1</thread>
  <message>Test Cases/Cas D Utilisations/Usager Etudiant/TNR R.TSPT Supp90-Etudiant has ERROR(s).
Reason:
org.codehaus.groovy.control.MultipleCompilationErrorsException: startup failed:
script1700681089412.groovy: 31: unexpected token: , @ line 31, column 9.
           , (&amp;apos;DateFin&amp;apos;) : DateFin, (&amp;apos;EnvExec&amp;apos;) :EnvExec], FailureHandling.STOP_ON_FAILURE)
           ^

1 error
</message>
  <nestedLevel>1</nestedLevel>
  <escapedJava>false</escapedJava>
  <property name="failed.exception.class">org.codehaus.groovy.control.MultipleCompilationErrorsException</property>
  <property name="failed.exception.stacktrace">org.codehaus.groovy.control.MultipleCompilationErrorsException: startup failed:
script1700681089412.groovy: 31: unexpected token: , @ line 31, column 9.
           , (&apos;DateFin&apos;) : DateFin, (&apos;EnvExec&apos;) :EnvExec], FailureHandling.STOP_ON_FAILURE)
           ^

1 error

	at com.kms.katalon.core.main.TestCaseMethodNodeCollector.&lt;init&gt;(TestCaseMethodNodeCollector.java:43)
	at com.kms.katalon.core.main.TestCaseExecutor.processScriptPreparationPhase(TestCaseExecutor.java:184)
	at com.kms.katalon.core.main.TestCaseExecutor.execute(TestCaseExecutor.java:259)
	at com.kms.katalon.core.common.CommonExecutor.accessTestCaseMainPhase(CommonExecutor.java:65)
	at com.kms.katalon.core.main.TestSuiteExecutor.accessTestSuiteMainPhase(TestSuiteExecutor.java:148)
	at com.kms.katalon.core.main.TestSuiteExecutor.execute(TestSuiteExecutor.java:106)
	at com.kms.katalon.core.main.TestCaseMain.startTestSuite(TestCaseMain.java:187)
	at com.kms.katalon.core.main.TestCaseMain$startTestSuite$0.call(Unknown Source)
	at TempTestSuite1700681086040.run(TempTestSuite1700681086040.groovy:36)
</property>
  <property name="failed.exception.message">startup failed:
script1700681089412.groovy: 31: unexpected token: , @ line 31, column 9.
           , (&apos;DateFin&apos;) : DateFin, (&apos;EnvExec&apos;) :EnvExec], FailureHandling.STOP_ON_FAILURE)
           ^

1 error
</property>
</record>
<record>
  <date>2023-11-22T20:24:49</date>
  <millis>1700681089449</millis>
  <sequence>8</sequence>
  <level>END</level>
  <class>com.kms.katalon.core.logging.XmlKeywordLogger</class>
  <method>endTest</method>
  <thread>1</thread>
  <message>End Test Case : Test Cases/Cas D Utilisations/Usager Etudiant/TNR R.TSPT Supp90-Etudiant</message>
  <nestedLevel>0</nestedLevel>
  <escapedJava>false</escapedJava>
  <property name="executionBindingVariables">[]</property>
  <property name="applitools">false</property>
  <property name="remainingRetryCount">0</property>
  <property name="currentRetryCount">0</property>
  <property name="keywordsUsage">{
  &quot;web_ui&quot;: false,
  &quot;web_service&quot;: false,
  &quot;cucumber&quot;: false,
  &quot;builtin&quot;: false,
  &quot;mobile&quot;: false,
  &quot;windows&quot;: false,
  &quot;testng&quot;: false
}</property>
</record>
<record>
  <date>2023-11-22T20:24:49</date>
  <millis>1700681089613</millis>
  <sequence>9</sequence>
  <level>START</level>
  <class>com.kms.katalon.core.logging.XmlKeywordLogger</class>
  <method>startTest</method>
  <thread>1</thread>
  <message>Start Test Case : Test Cases/Cas D Utilisations/Usager Etudiant/TNR R.TSPT Supp90-Etudiant</message>
  <nestedLevel>1</nestedLevel>
  <escapedJava>false</escapedJava>
  <property name="remainingRetryCount">0</property>
  <property name="name">Test Cases/Cas D Utilisations/Usager Etudiant/TNR R.TSPT Supp90-Etudiant</property>
  <property name="description"></property>
  <property name="iteration">ChercheurEtChercheurEnMobilite</property>
  <property name="id">Test Cases/Cas D Utilisations/Usager Etudiant/TNR R.TSPT Supp90-Etudiant</property>
  <property name="source">C:\Users\ISSAM.RHARBAOUI\git\22_11\ANEF-AutomatizationProject\Test Cases\Cas D Utilisations\Usager Etudiant\TNR R.TSPT Supp90-Etudiant.tc</property>
  <property name="tag"></property>
  <property name="isOptional">false</property>
  <property name="currentRetryCount">0</property>
</record>
<record>
  <date>2023-11-22T20:24:49</date>
  <millis>1700681089619</millis>
  <sequence>11</sequence>
  <level>ERROR</level>
  <class>com.kms.katalon.core.logging.XmlKeywordLogger</class>
  <method>logMessage</method>
  <thread>1</thread>
  <message>Test Cases/Cas D Utilisations/Usager Etudiant/TNR R.TSPT Supp90-Etudiant has ERROR(s).
Reason:
org.codehaus.groovy.control.MultipleCompilationErrorsException: startup failed:
script1700681089615.groovy: 31: unexpected token: , @ line 31, column 9.
           , (&amp;apos;DateFin&amp;apos;) : DateFin, (&amp;apos;EnvExec&amp;apos;) :EnvExec], FailureHandling.STOP_ON_FAILURE)
           ^

1 error
</message>
  <nestedLevel>1</nestedLevel>
  <escapedJava>false</escapedJava>
  <property name="failed.exception.class">org.codehaus.groovy.control.MultipleCompilationErrorsException</property>
  <property name="failed.exception.stacktrace">org.codehaus.groovy.control.MultipleCompilationErrorsException: startup failed:
script1700681089615.groovy: 31: unexpected token: , @ line 31, column 9.
           , (&apos;DateFin&apos;) : DateFin, (&apos;EnvExec&apos;) :EnvExec], FailureHandling.STOP_ON_FAILURE)
           ^

1 error

	at com.kms.katalon.core.main.TestCaseMethodNodeCollector.&lt;init&gt;(TestCaseMethodNodeCollector.java:43)
	at com.kms.katalon.core.main.TestCaseExecutor.processScriptPreparationPhase(TestCaseExecutor.java:184)
	at com.kms.katalon.core.main.TestCaseExecutor.execute(TestCaseExecutor.java:259)
	at com.kms.katalon.core.common.CommonExecutor.accessTestCaseMainPhase(CommonExecutor.java:65)
	at com.kms.katalon.core.main.TestSuiteExecutor.accessTestSuiteMainPhase(TestSuiteExecutor.java:148)
	at com.kms.katalon.core.main.TestSuiteExecutor.execute(TestSuiteExecutor.java:106)
	at com.kms.katalon.core.main.TestCaseMain.startTestSuite(TestCaseMain.java:187)
	at com.kms.katalon.core.main.TestCaseMain$startTestSuite$0.call(Unknown Source)
	at TempTestSuite1700681086040.run(TempTestSuite1700681086040.groovy:36)
</property>
  <property name="failed.exception.message">startup failed:
script1700681089615.groovy: 31: unexpected token: , @ line 31, column 9.
           , (&apos;DateFin&apos;) : DateFin, (&apos;EnvExec&apos;) :EnvExec], FailureHandling.STOP_ON_FAILURE)
           ^

1 error
</property>
</record>
<record>
  <date>2023-11-22T20:24:49</date>
  <millis>1700681089621</millis>
  <sequence>12</sequence>
  <level>END</level>
  <class>com.kms.katalon.core.logging.XmlKeywordLogger</class>
  <method>endTest</method>
  <thread>1</thread>
  <message>End Test Case : Test Cases/Cas D Utilisations/Usager Etudiant/TNR R.TSPT Supp90-Etudiant</message>
  <nestedLevel>0</nestedLevel>
  <escapedJava>false</escapedJava>
  <property name="executionBindingVariables">[]</property>
  <property name="applitools">false</property>
  <property name="remainingRetryCount">0</property>
  <property name="currentRetryCount">0</property>
  <property name="keywordsUsage">{
  &quot;web_ui&quot;: false,
  &quot;web_service&quot;: false,
  &quot;cucumber&quot;: false,
  &quot;builtin&quot;: false,
  &quot;mobile&quot;: false,
  &quot;windows&quot;: false,
  &quot;testng&quot;: false
}</property>
</record>
<record>
  <date>2023-11-22T20:24:49</date>
  <millis>1700681089766</millis>
  <sequence>13</sequence>
  <level>START</level>
  <class>com.kms.katalon.core.logging.XmlKeywordLogger</class>
  <method>startTest</method>
  <thread>1</thread>
  <message>Start Test Case : Test Cases/Cas D Utilisations/Usager Etudiant/TNR R.TSPT Supp90-Etudiant</message>
  <nestedLevel>1</nestedLevel>
  <escapedJava>false</escapedJava>
  <property name="remainingRetryCount">0</property>
  <property name="name">Test Cases/Cas D Utilisations/Usager Etudiant/TNR R.TSPT Supp90-Etudiant</property>
  <property name="description"></property>
  <property name="iteration">CreateurDEntreprise</property>
  <property name="id">Test Cases/Cas D Utilisations/Usager Etudiant/TNR R.TSPT Supp90-Etudiant</property>
  <property name="source">C:\Users\ISSAM.RHARBAOUI\git\22_11\ANEF-AutomatizationProject\Test Cases\Cas D Utilisations\Usager Etudiant\TNR R.TSPT Supp90-Etudiant.tc</property>
  <property name="tag"></property>
  <property name="isOptional">false</property>
  <property name="currentRetryCount">0</property>
</record>
<record>
  <date>2023-11-22T20:24:49</date>
  <millis>1700681089772</millis>
  <sequence>15</sequence>
  <level>ERROR</level>
  <class>com.kms.katalon.core.logging.XmlKeywordLogger</class>
  <method>logMessage</method>
  <thread>1</thread>
  <message>Test Cases/Cas D Utilisations/Usager Etudiant/TNR R.TSPT Supp90-Etudiant has ERROR(s).
Reason:
org.codehaus.groovy.control.MultipleCompilationErrorsException: startup failed:
script1700681089767.groovy: 31: unexpected token: , @ line 31, column 9.
           , (&amp;apos;DateFin&amp;apos;) : DateFin, (&amp;apos;EnvExec&amp;apos;) :EnvExec], FailureHandling.STOP_ON_FAILURE)
           ^

1 error
</message>
  <nestedLevel>1</nestedLevel>
  <escapedJava>false</escapedJava>
  <property name="failed.exception.class">org.codehaus.groovy.control.MultipleCompilationErrorsException</property>
  <property name="failed.exception.stacktrace">org.codehaus.groovy.control.MultipleCompilationErrorsException: startup failed:
script1700681089767.groovy: 31: unexpected token: , @ line 31, column 9.
           , (&apos;DateFin&apos;) : DateFin, (&apos;EnvExec&apos;) :EnvExec], FailureHandling.STOP_ON_FAILURE)
           ^

1 error

	at com.kms.katalon.core.main.TestCaseMethodNodeCollector.&lt;init&gt;(TestCaseMethodNodeCollector.java:43)
	at com.kms.katalon.core.main.TestCaseExecutor.processScriptPreparationPhase(TestCaseExecutor.java:184)
	at com.kms.katalon.core.main.TestCaseExecutor.execute(TestCaseExecutor.java:259)
	at com.kms.katalon.core.common.CommonExecutor.accessTestCaseMainPhase(CommonExecutor.java:65)
	at com.kms.katalon.core.main.TestSuiteExecutor.accessTestSuiteMainPhase(TestSuiteExecutor.java:148)
	at com.kms.katalon.core.main.TestSuiteExecutor.execute(TestSuiteExecutor.java:106)
	at com.kms.katalon.core.main.TestCaseMain.startTestSuite(TestCaseMain.java:187)
	at com.kms.katalon.core.main.TestCaseMain$startTestSuite$0.call(Unknown Source)
	at TempTestSuite1700681086040.run(TempTestSuite1700681086040.groovy:36)
</property>
  <property name="failed.exception.message">startup failed:
script1700681089767.groovy: 31: unexpected token: , @ line 31, column 9.
           , (&apos;DateFin&apos;) : DateFin, (&apos;EnvExec&apos;) :EnvExec], FailureHandling.STOP_ON_FAILURE)
           ^

1 error
</property>
</record>
<record>
  <date>2023-11-22T20:24:49</date>
  <millis>1700681089774</millis>
  <sequence>16</sequence>
  <level>END</level>
  <class>com.kms.katalon.core.logging.XmlKeywordLogger</class>
  <method>endTest</method>
  <thread>1</thread>
  <message>End Test Case : Test Cases/Cas D Utilisations/Usager Etudiant/TNR R.TSPT Supp90-Etudiant</message>
  <nestedLevel>0</nestedLevel>
  <escapedJava>false</escapedJava>
  <property name="executionBindingVariables">[]</property>
  <property name="applitools">false</property>
  <property name="remainingRetryCount">0</property>
  <property name="currentRetryCount">0</property>
  <property name="keywordsUsage">{
  &quot;web_ui&quot;: false,
  &quot;web_service&quot;: false,
  &quot;cucumber&quot;: false,
  &quot;builtin&quot;: false,
  &quot;mobile&quot;: false,
  &quot;windows&quot;: false,
  &quot;testng&quot;: false
}</property>
</record>
<record>
  <date>2023-11-22T20:24:49</date>
  <millis>1700681089907</millis>
  <sequence>17</sequence>
  <level>START</level>
  <class>com.kms.katalon.core.logging.XmlKeywordLogger</class>
  <method>startTest</method>
  <thread>1</thread>
  <message>Start Test Case : Test Cases/Cas D Utilisations/Usager Etudiant/TNR R.TSPT Supp90-Etudiant</message>
  <nestedLevel>1</nestedLevel>
  <escapedJava>false</escapedJava>
  <property name="remainingRetryCount">0</property>
  <property name="name">Test Cases/Cas D Utilisations/Usager Etudiant/TNR R.TSPT Supp90-Etudiant</property>
  <property name="description"></property>
  <property name="iteration">RenouvellementDeTitreSejour</property>
  <property name="id">Test Cases/Cas D Utilisations/Usager Etudiant/TNR R.TSPT Supp90-Etudiant</property>
  <property name="source">C:\Users\ISSAM.RHARBAOUI\git\22_11\ANEF-AutomatizationProject\Test Cases\Cas D Utilisations\Usager Etudiant\TNR R.TSPT Supp90-Etudiant.tc</property>
  <property name="tag"></property>
  <property name="isOptional">false</property>
  <property name="currentRetryCount">0</property>
</record>
<record>
  <date>2023-11-22T20:24:49</date>
  <millis>1700681089911</millis>
  <sequence>19</sequence>
  <level>ERROR</level>
  <class>com.kms.katalon.core.logging.XmlKeywordLogger</class>
  <method>logMessage</method>
  <thread>1</thread>
  <message>Test Cases/Cas D Utilisations/Usager Etudiant/TNR R.TSPT Supp90-Etudiant has ERROR(s).
Reason:
org.codehaus.groovy.control.MultipleCompilationErrorsException: startup failed:
script1700681089908.groovy: 31: unexpected token: , @ line 31, column 9.
           , (&amp;apos;DateFin&amp;apos;) : DateFin, (&amp;apos;EnvExec&amp;apos;) :EnvExec], FailureHandling.STOP_ON_FAILURE)
           ^

1 error
</message>
  <nestedLevel>1</nestedLevel>
  <escapedJava>false</escapedJava>
  <property name="failed.exception.class">org.codehaus.groovy.control.MultipleCompilationErrorsException</property>
  <property name="failed.exception.stacktrace">org.codehaus.groovy.control.MultipleCompilationErrorsException: startup failed:
script1700681089908.groovy: 31: unexpected token: , @ line 31, column 9.
           , (&apos;DateFin&apos;) : DateFin, (&apos;EnvExec&apos;) :EnvExec], FailureHandling.STOP_ON_FAILURE)
           ^

1 error

	at com.kms.katalon.core.main.TestCaseMethodNodeCollector.&lt;init&gt;(TestCaseMethodNodeCollector.java:43)
	at com.kms.katalon.core.main.TestCaseExecutor.processScriptPreparationPhase(TestCaseExecutor.java:184)
	at com.kms.katalon.core.main.TestCaseExecutor.execute(TestCaseExecutor.java:259)
	at com.kms.katalon.core.common.CommonExecutor.accessTestCaseMainPhase(CommonExecutor.java:65)
	at com.kms.katalon.core.main.TestSuiteExecutor.accessTestSuiteMainPhase(TestSuiteExecutor.java:148)
	at com.kms.katalon.core.main.TestSuiteExecutor.execute(TestSuiteExecutor.java:106)
	at com.kms.katalon.core.main.TestCaseMain.startTestSuite(TestCaseMain.java:187)
	at com.kms.katalon.core.main.TestCaseMain$startTestSuite$0.call(Unknown Source)
	at TempTestSuite1700681086040.run(TempTestSuite1700681086040.groovy:36)
</property>
  <property name="failed.exception.message">startup failed:
script1700681089908.groovy: 31: unexpected token: , @ line 31, column 9.
           , (&apos;DateFin&apos;) : DateFin, (&apos;EnvExec&apos;) :EnvExec], FailureHandling.STOP_ON_FAILURE)
           ^

1 error
</property>
</record>
<record>
  <date>2023-11-22T20:24:49</date>
  <millis>1700681089912</millis>
  <sequence>20</sequence>
  <level>END</level>
  <class>com.kms.katalon.core.logging.XmlKeywordLogger</class>
  <method>endTest</method>
  <thread>1</thread>
  <message>End Test Case : Test Cases/Cas D Utilisations/Usager Etudiant/TNR R.TSPT Supp90-Etudiant</message>
  <nestedLevel>0</nestedLevel>
  <escapedJava>false</escapedJava>
  <property name="executionBindingVariables">[]</property>
  <property name="applitools">false</property>
  <property name="remainingRetryCount">0</property>
  <property name="currentRetryCount">0</property>
  <property name="keywordsUsage">{
  &quot;web_ui&quot;: false,
  &quot;web_service&quot;: false,
  &quot;cucumber&quot;: false,
  &quot;builtin&quot;: false,
  &quot;mobile&quot;: false,
  &quot;windows&quot;: false,
  &quot;testng&quot;: false
}</property>
</record>
<record>
  <date>2023-11-22T20:24:50</date>
  <millis>1700681090038</millis>
  <sequence>21</sequence>
  <level>START</level>
  <class>com.kms.katalon.core.logging.XmlKeywordLogger</class>
  <method>startTest</method>
  <thread>1</thread>
  <message>Start Test Case : Test Cases/Cas D Utilisations/Usager Etudiant/TNR R.TSPT Supp90-Etudiant</message>
  <nestedLevel>1</nestedLevel>
  <escapedJava>false</escapedJava>
  <property name="remainingRetryCount">0</property>
  <property name="name">Test Cases/Cas D Utilisations/Usager Etudiant/TNR R.TSPT Supp90-Etudiant</property>
  <property name="description"></property>
  <property name="iteration">ArtisteSalarie</property>
  <property name="id">Test Cases/Cas D Utilisations/Usager Etudiant/TNR R.TSPT Supp90-Etudiant</property>
  <property name="source">C:\Users\ISSAM.RHARBAOUI\git\22_11\ANEF-AutomatizationProject\Test Cases\Cas D Utilisations\Usager Etudiant\TNR R.TSPT Supp90-Etudiant.tc</property>
  <property name="tag"></property>
  <property name="isOptional">false</property>
  <property name="currentRetryCount">0</property>
</record>
<record>
  <date>2023-11-22T20:24:50</date>
  <millis>1700681090043</millis>
  <sequence>23</sequence>
  <level>ERROR</level>
  <class>com.kms.katalon.core.logging.XmlKeywordLogger</class>
  <method>logMessage</method>
  <thread>1</thread>
  <message>Test Cases/Cas D Utilisations/Usager Etudiant/TNR R.TSPT Supp90-Etudiant has ERROR(s).
Reason:
org.codehaus.groovy.control.MultipleCompilationErrorsException: startup failed:
script1700681090040.groovy: 31: unexpected token: , @ line 31, column 9.
           , (&amp;apos;DateFin&amp;apos;) : DateFin, (&amp;apos;EnvExec&amp;apos;) :EnvExec], FailureHandling.STOP_ON_FAILURE)
           ^

1 error
</message>
  <nestedLevel>1</nestedLevel>
  <escapedJava>false</escapedJava>
  <property name="failed.exception.class">org.codehaus.groovy.control.MultipleCompilationErrorsException</property>
  <property name="failed.exception.stacktrace">org.codehaus.groovy.control.MultipleCompilationErrorsException: startup failed:
script1700681090040.groovy: 31: unexpected token: , @ line 31, column 9.
           , (&apos;DateFin&apos;) : DateFin, (&apos;EnvExec&apos;) :EnvExec], FailureHandling.STOP_ON_FAILURE)
           ^

1 error

	at com.kms.katalon.core.main.TestCaseMethodNodeCollector.&lt;init&gt;(TestCaseMethodNodeCollector.java:43)
	at com.kms.katalon.core.main.TestCaseExecutor.processScriptPreparationPhase(TestCaseExecutor.java:184)
	at com.kms.katalon.core.main.TestCaseExecutor.execute(TestCaseExecutor.java:259)
	at com.kms.katalon.core.common.CommonExecutor.accessTestCaseMainPhase(CommonExecutor.java:65)
	at com.kms.katalon.core.main.TestSuiteExecutor.accessTestSuiteMainPhase(TestSuiteExecutor.java:148)
	at com.kms.katalon.core.main.TestSuiteExecutor.execute(TestSuiteExecutor.java:106)
	at com.kms.katalon.core.main.TestCaseMain.startTestSuite(TestCaseMain.java:187)
	at com.kms.katalon.core.main.TestCaseMain$startTestSuite$0.call(Unknown Source)
	at TempTestSuite1700681086040.run(TempTestSuite1700681086040.groovy:36)
</property>
  <property name="failed.exception.message">startup failed:
script1700681090040.groovy: 31: unexpected token: , @ line 31, column 9.
           , (&apos;DateFin&apos;) : DateFin, (&apos;EnvExec&apos;) :EnvExec], FailureHandling.STOP_ON_FAILURE)
           ^

1 error
</property>
</record>
<record>
  <date>2023-11-22T20:24:50</date>
  <millis>1700681090044</millis>
  <sequence>24</sequence>
  <level>END</level>
  <class>com.kms.katalon.core.logging.XmlKeywordLogger</class>
  <method>endTest</method>
  <thread>1</thread>
  <message>End Test Case : Test Cases/Cas D Utilisations/Usager Etudiant/TNR R.TSPT Supp90-Etudiant</message>
  <nestedLevel>0</nestedLevel>
  <escapedJava>false</escapedJava>
  <property name="executionBindingVariables">[]</property>
  <property name="applitools">false</property>
  <property name="remainingRetryCount">0</property>
  <property name="currentRetryCount">0</property>
  <property name="keywordsUsage">{
  &quot;web_ui&quot;: false,
  &quot;web_service&quot;: false,
  &quot;cucumber&quot;: false,
  &quot;builtin&quot;: false,
  &quot;mobile&quot;: false,
  &quot;windows&quot;: false,
  &quot;testng&quot;: false
}</property>
</record>
<record>
  <date>2023-11-22T20:24:50</date>
  <millis>1700681090172</millis>
  <sequence>25</sequence>
  <level>START</level>
  <class>com.kms.katalon.core.logging.XmlKeywordLogger</class>
  <method>startTest</method>
  <thread>1</thread>
  <message>Start Test Case : Test Cases/Cas D Utilisations/Usager Etudiant/TNR R.TSPT Supp90-Etudiant</message>
  <nestedLevel>1</nestedLevel>
  <escapedJava>false</escapedJava>
  <property name="remainingRetryCount">0</property>
  <property name="name">Test Cases/Cas D Utilisations/Usager Etudiant/TNR R.TSPT Supp90-Etudiant</property>
  <property name="description"></property>
  <property name="iteration">TS-PT-SalarieEntrepriseInnovante</property>
  <property name="id">Test Cases/Cas D Utilisations/Usager Etudiant/TNR R.TSPT Supp90-Etudiant</property>
  <property name="source">C:\Users\ISSAM.RHARBAOUI\git\22_11\ANEF-AutomatizationProject\Test Cases\Cas D Utilisations\Usager Etudiant\TNR R.TSPT Supp90-Etudiant.tc</property>
  <property name="tag"></property>
  <property name="isOptional">false</property>
  <property name="currentRetryCount">0</property>
</record>
<record>
  <date>2023-11-22T20:24:50</date>
  <millis>1700681090179</millis>
  <sequence>27</sequence>
  <level>ERROR</level>
  <class>com.kms.katalon.core.logging.XmlKeywordLogger</class>
  <method>logMessage</method>
  <thread>1</thread>
  <message>Test Cases/Cas D Utilisations/Usager Etudiant/TNR R.TSPT Supp90-Etudiant has ERROR(s).
Reason:
org.codehaus.groovy.control.MultipleCompilationErrorsException: startup failed:
script1700681090174.groovy: 31: unexpected token: , @ line 31, column 9.
           , (&amp;apos;DateFin&amp;apos;) : DateFin, (&amp;apos;EnvExec&amp;apos;) :EnvExec], FailureHandling.STOP_ON_FAILURE)
           ^

1 error
</message>
  <nestedLevel>1</nestedLevel>
  <escapedJava>false</escapedJava>
  <property name="failed.exception.class">org.codehaus.groovy.control.MultipleCompilationErrorsException</property>
  <property name="failed.exception.stacktrace">org.codehaus.groovy.control.MultipleCompilationErrorsException: startup failed:
script1700681090174.groovy: 31: unexpected token: , @ line 31, column 9.
           , (&apos;DateFin&apos;) : DateFin, (&apos;EnvExec&apos;) :EnvExec], FailureHandling.STOP_ON_FAILURE)
           ^

1 error

	at com.kms.katalon.core.main.TestCaseMethodNodeCollector.&lt;init&gt;(TestCaseMethodNodeCollector.java:43)
	at com.kms.katalon.core.main.TestCaseExecutor.processScriptPreparationPhase(TestCaseExecutor.java:184)
	at com.kms.katalon.core.main.TestCaseExecutor.execute(TestCaseExecutor.java:259)
	at com.kms.katalon.core.common.CommonExecutor.accessTestCaseMainPhase(CommonExecutor.java:65)
	at com.kms.katalon.core.main.TestSuiteExecutor.accessTestSuiteMainPhase(TestSuiteExecutor.java:148)
	at com.kms.katalon.core.main.TestSuiteExecutor.execute(TestSuiteExecutor.java:106)
	at com.kms.katalon.core.main.TestCaseMain.startTestSuite(TestCaseMain.java:187)
	at com.kms.katalon.core.main.TestCaseMain$startTestSuite$0.call(Unknown Source)
	at TempTestSuite1700681086040.run(TempTestSuite1700681086040.groovy:36)
</property>
  <property name="failed.exception.message">startup failed:
script1700681090174.groovy: 31: unexpected token: , @ line 31, column 9.
           , (&apos;DateFin&apos;) : DateFin, (&apos;EnvExec&apos;) :EnvExec], FailureHandling.STOP_ON_FAILURE)
           ^

1 error
</property>
</record>
<record>
  <date>2023-11-22T20:24:50</date>
  <millis>1700681090181</millis>
  <sequence>28</sequence>
  <level>END</level>
  <class>com.kms.katalon.core.logging.XmlKeywordLogger</class>
  <method>endTest</method>
  <thread>1</thread>
  <message>End Test Case : Test Cases/Cas D Utilisations/Usager Etudiant/TNR R.TSPT Supp90-Etudiant</message>
  <nestedLevel>0</nestedLevel>
  <escapedJava>false</escapedJava>
  <property name="executionBindingVariables">[]</property>
  <property name="applitools">false</property>
  <property name="remainingRetryCount">0</property>
  <property name="currentRetryCount">0</property>
  <property name="keywordsUsage">{
  &quot;web_ui&quot;: false,
  &quot;web_service&quot;: false,
  &quot;cucumber&quot;: false,
  &quot;builtin&quot;: false,
  &quot;mobile&quot;: false,
  &quot;windows&quot;: false,
  &quot;testng&quot;: false
}</property>
</record>
<record>
  <date>2023-11-22T20:24:50</date>
  <millis>1700681090319</millis>
  <sequence>29</sequence>
  <level>START</level>
  <class>com.kms.katalon.core.logging.XmlKeywordLogger</class>
  <method>startTest</method>
  <thread>1</thread>
  <message>Start Test Case : Test Cases/Cas D Utilisations/Usager Etudiant/TNR R.TSPT Supp90-Etudiant</message>
  <nestedLevel>1</nestedLevel>
  <escapedJava>false</escapedJava>
  <property name="remainingRetryCount">0</property>
  <property name="name">Test Cases/Cas D Utilisations/Usager Etudiant/TNR R.TSPT Supp90-Etudiant</property>
  <property name="description"></property>
  <property name="iteration">TS-PT-SalarieQualifie</property>
  <property name="id">Test Cases/Cas D Utilisations/Usager Etudiant/TNR R.TSPT Supp90-Etudiant</property>
  <property name="source">C:\Users\ISSAM.RHARBAOUI\git\22_11\ANEF-AutomatizationProject\Test Cases\Cas D Utilisations\Usager Etudiant\TNR R.TSPT Supp90-Etudiant.tc</property>
  <property name="tag"></property>
  <property name="isOptional">false</property>
  <property name="currentRetryCount">0</property>
</record>
<record>
  <date>2023-11-22T20:24:50</date>
  <millis>1700681090325</millis>
  <sequence>31</sequence>
  <level>ERROR</level>
  <class>com.kms.katalon.core.logging.XmlKeywordLogger</class>
  <method>logMessage</method>
  <thread>1</thread>
  <message>Test Cases/Cas D Utilisations/Usager Etudiant/TNR R.TSPT Supp90-Etudiant has ERROR(s).
Reason:
org.codehaus.groovy.control.MultipleCompilationErrorsException: startup failed:
script1700681090321.groovy: 31: unexpected token: , @ line 31, column 9.
           , (&amp;apos;DateFin&amp;apos;) : DateFin, (&amp;apos;EnvExec&amp;apos;) :EnvExec], FailureHandling.STOP_ON_FAILURE)
           ^

1 error
</message>
  <nestedLevel>1</nestedLevel>
  <escapedJava>false</escapedJava>
  <property name="failed.exception.class">org.codehaus.groovy.control.MultipleCompilationErrorsException</property>
  <property name="failed.exception.stacktrace">org.codehaus.groovy.control.MultipleCompilationErrorsException: startup failed:
script1700681090321.groovy: 31: unexpected token: , @ line 31, column 9.
           , (&apos;DateFin&apos;) : DateFin, (&apos;EnvExec&apos;) :EnvExec], FailureHandling.STOP_ON_FAILURE)
           ^

1 error

	at com.kms.katalon.core.main.TestCaseMethodNodeCollector.&lt;init&gt;(TestCaseMethodNodeCollector.java:43)
	at com.kms.katalon.core.main.TestCaseExecutor.processScriptPreparationPhase(TestCaseExecutor.java:184)
	at com.kms.katalon.core.main.TestCaseExecutor.execute(TestCaseExecutor.java:259)
	at com.kms.katalon.core.common.CommonExecutor.accessTestCaseMainPhase(CommonExecutor.java:65)
	at com.kms.katalon.core.main.TestSuiteExecutor.accessTestSuiteMainPhase(TestSuiteExecutor.java:148)
	at com.kms.katalon.core.main.TestSuiteExecutor.execute(TestSuiteExecutor.java:106)
	at com.kms.katalon.core.main.TestCaseMain.startTestSuite(TestCaseMain.java:187)
	at com.kms.katalon.core.main.TestCaseMain$startTestSuite$0.call(Unknown Source)
	at TempTestSuite1700681086040.run(TempTestSuite1700681086040.groovy:36)
</property>
  <property name="failed.exception.message">startup failed:
script1700681090321.groovy: 31: unexpected token: , @ line 31, column 9.
           , (&apos;DateFin&apos;) : DateFin, (&apos;EnvExec&apos;) :EnvExec], FailureHandling.STOP_ON_FAILURE)
           ^

1 error
</property>
</record>
<record>
  <date>2023-11-22T20:24:50</date>
  <millis>1700681090327</millis>
  <sequence>32</sequence>
  <level>END</level>
  <class>com.kms.katalon.core.logging.XmlKeywordLogger</class>
  <method>endTest</method>
  <thread>1</thread>
  <message>End Test Case : Test Cases/Cas D Utilisations/Usager Etudiant/TNR R.TSPT Supp90-Etudiant</message>
  <nestedLevel>0</nestedLevel>
  <escapedJava>false</escapedJava>
  <property name="executionBindingVariables">[]</property>
  <property name="applitools">false</property>
  <property name="remainingRetryCount">0</property>
  <property name="currentRetryCount">0</property>
  <property name="keywordsUsage">{
  &quot;web_ui&quot;: false,
  &quot;web_service&quot;: false,
  &quot;cucumber&quot;: false,
  &quot;builtin&quot;: false,
  &quot;mobile&quot;: false,
  &quot;windows&quot;: false,
  &quot;testng&quot;: false
}</property>
</record>
<record>
  <date>2023-11-22T20:24:50</date>
  <millis>1700681090460</millis>
  <sequence>33</sequence>
  <level>START</level>
  <class>com.kms.katalon.core.logging.XmlKeywordLogger</class>
  <method>startTest</method>
  <thread>1</thread>
  <message>Start Test Case : Test Cases/Cas D Utilisations/Usager Etudiant/TNR R.TSPT Supp90-Etudiant</message>
  <nestedLevel>1</nestedLevel>
  <escapedJava>false</escapedJava>
  <property name="remainingRetryCount">0</property>
  <property name="name">Test Cases/Cas D Utilisations/Usager Etudiant/TNR R.TSPT Supp90-Etudiant</property>
  <property name="description"></property>
  <property name="iteration">ArtisteNonSalarie</property>
  <property name="id">Test Cases/Cas D Utilisations/Usager Etudiant/TNR R.TSPT Supp90-Etudiant</property>
  <property name="source">C:\Users\ISSAM.RHARBAOUI\git\22_11\ANEF-AutomatizationProject\Test Cases\Cas D Utilisations\Usager Etudiant\TNR R.TSPT Supp90-Etudiant.tc</property>
  <property name="tag"></property>
  <property name="isOptional">false</property>
  <property name="currentRetryCount">0</property>
</record>
<record>
  <date>2023-11-22T20:24:50</date>
  <millis>1700681090465</millis>
  <sequence>35</sequence>
  <level>ERROR</level>
  <class>com.kms.katalon.core.logging.XmlKeywordLogger</class>
  <method>logMessage</method>
  <thread>1</thread>
  <message>Test Cases/Cas D Utilisations/Usager Etudiant/TNR R.TSPT Supp90-Etudiant has ERROR(s).
Reason:
org.codehaus.groovy.control.MultipleCompilationErrorsException: startup failed:
script1700681090462.groovy: 31: unexpected token: , @ line 31, column 9.
           , (&amp;apos;DateFin&amp;apos;) : DateFin, (&amp;apos;EnvExec&amp;apos;) :EnvExec], FailureHandling.STOP_ON_FAILURE)
           ^

1 error
</message>
  <nestedLevel>1</nestedLevel>
  <escapedJava>false</escapedJava>
  <property name="failed.exception.class">org.codehaus.groovy.control.MultipleCompilationErrorsException</property>
  <property name="failed.exception.stacktrace">org.codehaus.groovy.control.MultipleCompilationErrorsException: startup failed:
script1700681090462.groovy: 31: unexpected token: , @ line 31, column 9.
           , (&apos;DateFin&apos;) : DateFin, (&apos;EnvExec&apos;) :EnvExec], FailureHandling.STOP_ON_FAILURE)
           ^

1 error

	at com.kms.katalon.core.main.TestCaseMethodNodeCollector.&lt;init&gt;(TestCaseMethodNodeCollector.java:43)
	at com.kms.katalon.core.main.TestCaseExecutor.processScriptPreparationPhase(TestCaseExecutor.java:184)
	at com.kms.katalon.core.main.TestCaseExecutor.execute(TestCaseExecutor.java:259)
	at com.kms.katalon.core.common.CommonExecutor.accessTestCaseMainPhase(CommonExecutor.java:65)
	at com.kms.katalon.core.main.TestSuiteExecutor.accessTestSuiteMainPhase(TestSuiteExecutor.java:148)
	at com.kms.katalon.core.main.TestSuiteExecutor.execute(TestSuiteExecutor.java:106)
	at com.kms.katalon.core.main.TestCaseMain.startTestSuite(TestCaseMain.java:187)
	at com.kms.katalon.core.main.TestCaseMain$startTestSuite$0.call(Unknown Source)
	at TempTestSuite1700681086040.run(TempTestSuite1700681086040.groovy:36)
</property>
  <property name="failed.exception.message">startup failed:
script1700681090462.groovy: 31: unexpected token: , @ line 31, column 9.
           , (&apos;DateFin&apos;) : DateFin, (&apos;EnvExec&apos;) :EnvExec], FailureHandling.STOP_ON_FAILURE)
           ^

1 error
</property>
</record>
<record>
  <date>2023-11-22T20:24:50</date>
  <millis>1700681090465</millis>
  <sequence>36</sequence>
  <level>END</level>
  <class>com.kms.katalon.core.logging.XmlKeywordLogger</class>
  <method>endTest</method>
  <thread>1</thread>
  <message>End Test Case : Test Cases/Cas D Utilisations/Usager Etudiant/TNR R.TSPT Supp90-Etudiant</message>
  <nestedLevel>0</nestedLevel>
  <escapedJava>false</escapedJava>
  <property name="executionBindingVariables">[]</property>
  <property name="applitools">false</property>
  <property name="remainingRetryCount">0</property>
  <property name="currentRetryCount">0</property>
  <property name="keywordsUsage">{
  &quot;web_ui&quot;: false,
  &quot;web_service&quot;: false,
  &quot;cucumber&quot;: false,
  &quot;builtin&quot;: false,
  &quot;mobile&quot;: false,
  &quot;windows&quot;: false,
  &quot;testng&quot;: false
}</property>
</record>
<record>
  <date>2023-11-22T20:24:50</date>
  <millis>1700681090592</millis>
  <sequence>37</sequence>
  <level>START</level>
  <class>com.kms.katalon.core.logging.XmlKeywordLogger</class>
  <method>startTest</method>
  <thread>1</thread>
  <message>Start Test Case : Test Cases/Cas D Utilisations/Usager Etudiant/TNR R.TSPT Supp90-Etudiant</message>
  <nestedLevel>1</nestedLevel>
  <escapedJava>false</escapedJava>
  <property name="remainingRetryCount">0</property>
  <property name="name">Test Cases/Cas D Utilisations/Usager Etudiant/TNR R.TSPT Supp90-Etudiant</property>
  <property name="description"></property>
  <property name="iteration">TS-PT-CarteBleueEuropeenne</property>
  <property name="id">Test Cases/Cas D Utilisations/Usager Etudiant/TNR R.TSPT Supp90-Etudiant</property>
  <property name="source">C:\Users\ISSAM.RHARBAOUI\git\22_11\ANEF-AutomatizationProject\Test Cases\Cas D Utilisations\Usager Etudiant\TNR R.TSPT Supp90-Etudiant.tc</property>
  <property name="tag"></property>
  <property name="isOptional">false</property>
  <property name="currentRetryCount">0</property>
</record>
<record>
  <date>2023-11-22T20:24:50</date>
  <millis>1700681090596</millis>
  <sequence>39</sequence>
  <level>ERROR</level>
  <class>com.kms.katalon.core.logging.XmlKeywordLogger</class>
  <method>logMessage</method>
  <thread>1</thread>
  <message>Test Cases/Cas D Utilisations/Usager Etudiant/TNR R.TSPT Supp90-Etudiant has ERROR(s).
Reason:
org.codehaus.groovy.control.MultipleCompilationErrorsException: startup failed:
script1700681090594.groovy: 31: unexpected token: , @ line 31, column 9.
           , (&amp;apos;DateFin&amp;apos;) : DateFin, (&amp;apos;EnvExec&amp;apos;) :EnvExec], FailureHandling.STOP_ON_FAILURE)
           ^

1 error
</message>
  <nestedLevel>1</nestedLevel>
  <escapedJava>false</escapedJava>
  <property name="failed.exception.class">org.codehaus.groovy.control.MultipleCompilationErrorsException</property>
  <property name="failed.exception.stacktrace">org.codehaus.groovy.control.MultipleCompilationErrorsException: startup failed:
script1700681090594.groovy: 31: unexpected token: , @ line 31, column 9.
           , (&apos;DateFin&apos;) : DateFin, (&apos;EnvExec&apos;) :EnvExec], FailureHandling.STOP_ON_FAILURE)
           ^

1 error

	at com.kms.katalon.core.main.TestCaseMethodNodeCollector.&lt;init&gt;(TestCaseMethodNodeCollector.java:43)
	at com.kms.katalon.core.main.TestCaseExecutor.processScriptPreparationPhase(TestCaseExecutor.java:184)
	at com.kms.katalon.core.main.TestCaseExecutor.execute(TestCaseExecutor.java:259)
	at com.kms.katalon.core.common.CommonExecutor.accessTestCaseMainPhase(CommonExecutor.java:65)
	at com.kms.katalon.core.main.TestSuiteExecutor.accessTestSuiteMainPhase(TestSuiteExecutor.java:148)
	at com.kms.katalon.core.main.TestSuiteExecutor.execute(TestSuiteExecutor.java:106)
	at com.kms.katalon.core.main.TestCaseMain.startTestSuite(TestCaseMain.java:187)
	at com.kms.katalon.core.main.TestCaseMain$startTestSuite$0.call(Unknown Source)
	at TempTestSuite1700681086040.run(TempTestSuite1700681086040.groovy:36)
</property>
  <property name="failed.exception.message">startup failed:
script1700681090594.groovy: 31: unexpected token: , @ line 31, column 9.
           , (&apos;DateFin&apos;) : DateFin, (&apos;EnvExec&apos;) :EnvExec], FailureHandling.STOP_ON_FAILURE)
           ^

1 error
</property>
</record>
<record>
  <date>2023-11-22T20:24:50</date>
  <millis>1700681090597</millis>
  <sequence>40</sequence>
  <level>END</level>
  <class>com.kms.katalon.core.logging.XmlKeywordLogger</class>
  <method>endTest</method>
  <thread>1</thread>
  <message>End Test Case : Test Cases/Cas D Utilisations/Usager Etudiant/TNR R.TSPT Supp90-Etudiant</message>
  <nestedLevel>0</nestedLevel>
  <escapedJava>false</escapedJava>
  <property name="executionBindingVariables">[]</property>
  <property name="applitools">false</property>
  <property name="remainingRetryCount">0</property>
  <property name="currentRetryCount">0</property>
  <property name="keywordsUsage">{
  &quot;web_ui&quot;: false,
  &quot;web_service&quot;: false,
  &quot;cucumber&quot;: false,
  &quot;builtin&quot;: false,
  &quot;mobile&quot;: false,
  &quot;windows&quot;: false,
  &quot;testng&quot;: false
}</property>
</record>
<record>
  <date>2023-11-22T20:24:50</date>
  <millis>1700681090722</millis>
  <sequence>41</sequence>
  <level>START</level>
  <class>com.kms.katalon.core.logging.XmlKeywordLogger</class>
  <method>startTest</method>
  <thread>1</thread>
  <message>Start Test Case : Test Cases/Cas D Utilisations/Usager Etudiant/TNR R.TSPT Supp90-Etudiant</message>
  <nestedLevel>1</nestedLevel>
  <escapedJava>false</escapedJava>
  <property name="remainingRetryCount">0</property>
  <property name="name">Test Cases/Cas D Utilisations/Usager Etudiant/TNR R.TSPT Supp90-Etudiant</property>
  <property name="description"></property>
  <property name="iteration">TS-PT-SalarieEnMission</property>
  <property name="id">Test Cases/Cas D Utilisations/Usager Etudiant/TNR R.TSPT Supp90-Etudiant</property>
  <property name="source">C:\Users\ISSAM.RHARBAOUI\git\22_11\ANEF-AutomatizationProject\Test Cases\Cas D Utilisations\Usager Etudiant\TNR R.TSPT Supp90-Etudiant.tc</property>
  <property name="tag"></property>
  <property name="isOptional">false</property>
  <property name="currentRetryCount">0</property>
</record>
<record>
  <date>2023-11-22T20:24:50</date>
  <millis>1700681090726</millis>
  <sequence>43</sequence>
  <level>ERROR</level>
  <class>com.kms.katalon.core.logging.XmlKeywordLogger</class>
  <method>logMessage</method>
  <thread>1</thread>
  <message>Test Cases/Cas D Utilisations/Usager Etudiant/TNR R.TSPT Supp90-Etudiant has ERROR(s).
Reason:
org.codehaus.groovy.control.MultipleCompilationErrorsException: startup failed:
script1700681090724.groovy: 31: unexpected token: , @ line 31, column 9.
           , (&amp;apos;DateFin&amp;apos;) : DateFin, (&amp;apos;EnvExec&amp;apos;) :EnvExec], FailureHandling.STOP_ON_FAILURE)
           ^

1 error
</message>
  <nestedLevel>1</nestedLevel>
  <escapedJava>false</escapedJava>
  <property name="failed.exception.class">org.codehaus.groovy.control.MultipleCompilationErrorsException</property>
  <property name="failed.exception.stacktrace">org.codehaus.groovy.control.MultipleCompilationErrorsException: startup failed:
script1700681090724.groovy: 31: unexpected token: , @ line 31, column 9.
           , (&apos;DateFin&apos;) : DateFin, (&apos;EnvExec&apos;) :EnvExec], FailureHandling.STOP_ON_FAILURE)
           ^

1 error

	at com.kms.katalon.core.main.TestCaseMethodNodeCollector.&lt;init&gt;(TestCaseMethodNodeCollector.java:43)
	at com.kms.katalon.core.main.TestCaseExecutor.processScriptPreparationPhase(TestCaseExecutor.java:184)
	at com.kms.katalon.core.main.TestCaseExecutor.execute(TestCaseExecutor.java:259)
	at com.kms.katalon.core.common.CommonExecutor.accessTestCaseMainPhase(CommonExecutor.java:65)
	at com.kms.katalon.core.main.TestSuiteExecutor.accessTestSuiteMainPhase(TestSuiteExecutor.java:148)
	at com.kms.katalon.core.main.TestSuiteExecutor.execute(TestSuiteExecutor.java:106)
	at com.kms.katalon.core.main.TestCaseMain.startTestSuite(TestCaseMain.java:187)
	at com.kms.katalon.core.main.TestCaseMain$startTestSuite$0.call(Unknown Source)
	at TempTestSuite1700681086040.run(TempTestSuite1700681086040.groovy:36)
</property>
  <property name="failed.exception.message">startup failed:
script1700681090724.groovy: 31: unexpected token: , @ line 31, column 9.
           , (&apos;DateFin&apos;) : DateFin, (&apos;EnvExec&apos;) :EnvExec], FailureHandling.STOP_ON_FAILURE)
           ^

1 error
</property>
</record>
<record>
  <date>2023-11-22T20:24:50</date>
  <millis>1700681090727</millis>
  <sequence>44</sequence>
  <level>END</level>
  <class>com.kms.katalon.core.logging.XmlKeywordLogger</class>
  <method>endTest</method>
  <thread>1</thread>
  <message>End Test Case : Test Cases/Cas D Utilisations/Usager Etudiant/TNR R.TSPT Supp90-Etudiant</message>
  <nestedLevel>0</nestedLevel>
  <escapedJava>false</escapedJava>
  <property name="executionBindingVariables">[]</property>
  <property name="applitools">false</property>
  <property name="remainingRetryCount">0</property>
  <property name="currentRetryCount">0</property>
  <property name="keywordsUsage">{
  &quot;web_ui&quot;: false,
  &quot;web_service&quot;: false,
  &quot;cucumber&quot;: false,
  &quot;builtin&quot;: false,
  &quot;mobile&quot;: false,
  &quot;windows&quot;: false,
  &quot;testng&quot;: false
}</property>
</record>
<record>
  <date>2023-11-22T20:24:50</date>
  <millis>1700681090849</millis>
  <sequence>45</sequence>
  <level>START</level>
  <class>com.kms.katalon.core.logging.XmlKeywordLogger</class>
  <method>startTest</method>
  <thread>1</thread>
  <message>Start Test Case : Test Cases/Cas D Utilisations/Usager Etudiant/TNR R.TSPT Supp90-Etudiant</message>
  <nestedLevel>1</nestedLevel>
  <escapedJava>false</escapedJava>
  <property name="remainingRetryCount">0</property>
  <property name="name">Test Cases/Cas D Utilisations/Usager Etudiant/TNR R.TSPT Supp90-Etudiant</property>
  <property name="description"></property>
  <property name="iteration">FrenchTechVisaForInvestors</property>
  <property name="id">Test Cases/Cas D Utilisations/Usager Etudiant/TNR R.TSPT Supp90-Etudiant</property>
  <property name="source">C:\Users\ISSAM.RHARBAOUI\git\22_11\ANEF-AutomatizationProject\Test Cases\Cas D Utilisations\Usager Etudiant\TNR R.TSPT Supp90-Etudiant.tc</property>
  <property name="tag"></property>
  <property name="isOptional">false</property>
  <property name="currentRetryCount">0</property>
</record>
<record>
  <date>2023-11-22T20:24:50</date>
  <millis>1700681090852</millis>
  <sequence>47</sequence>
  <level>ERROR</level>
  <class>com.kms.katalon.core.logging.XmlKeywordLogger</class>
  <method>logMessage</method>
  <thread>1</thread>
  <message>Test Cases/Cas D Utilisations/Usager Etudiant/TNR R.TSPT Supp90-Etudiant has ERROR(s).
Reason:
org.codehaus.groovy.control.MultipleCompilationErrorsException: startup failed:
script1700681090850.groovy: 31: unexpected token: , @ line 31, column 9.
           , (&amp;apos;DateFin&amp;apos;) : DateFin, (&amp;apos;EnvExec&amp;apos;) :EnvExec], FailureHandling.STOP_ON_FAILURE)
           ^

1 error
</message>
  <nestedLevel>1</nestedLevel>
  <escapedJava>false</escapedJava>
  <property name="failed.exception.class">org.codehaus.groovy.control.MultipleCompilationErrorsException</property>
  <property name="failed.exception.stacktrace">org.codehaus.groovy.control.MultipleCompilationErrorsException: startup failed:
script1700681090850.groovy: 31: unexpected token: , @ line 31, column 9.
           , (&apos;DateFin&apos;) : DateFin, (&apos;EnvExec&apos;) :EnvExec], FailureHandling.STOP_ON_FAILURE)
           ^

1 error

	at com.kms.katalon.core.main.TestCaseMethodNodeCollector.&lt;init&gt;(TestCaseMethodNodeCollector.java:43)
	at com.kms.katalon.core.main.TestCaseExecutor.processScriptPreparationPhase(TestCaseExecutor.java:184)
	at com.kms.katalon.core.main.TestCaseExecutor.execute(TestCaseExecutor.java:259)
	at com.kms.katalon.core.common.CommonExecutor.accessTestCaseMainPhase(CommonExecutor.java:65)
	at com.kms.katalon.core.main.TestSuiteExecutor.accessTestSuiteMainPhase(TestSuiteExecutor.java:148)
	at com.kms.katalon.core.main.TestSuiteExecutor.execute(TestSuiteExecutor.java:106)
	at com.kms.katalon.core.main.TestCaseMain.startTestSuite(TestCaseMain.java:187)
	at com.kms.katalon.core.main.TestCaseMain$startTestSuite$0.call(Unknown Source)
	at TempTestSuite1700681086040.run(TempTestSuite1700681086040.groovy:36)
</property>
  <property name="failed.exception.message">startup failed:
script1700681090850.groovy: 31: unexpected token: , @ line 31, column 9.
           , (&apos;DateFin&apos;) : DateFin, (&apos;EnvExec&apos;) :EnvExec], FailureHandling.STOP_ON_FAILURE)
           ^

1 error
</property>
</record>
<record>
  <date>2023-11-22T20:24:50</date>
  <millis>1700681090853</millis>
  <sequence>48</sequence>
  <level>END</level>
  <class>com.kms.katalon.core.logging.XmlKeywordLogger</class>
  <method>endTest</method>
  <thread>1</thread>
  <message>End Test Case : Test Cases/Cas D Utilisations/Usager Etudiant/TNR R.TSPT Supp90-Etudiant</message>
  <nestedLevel>0</nestedLevel>
  <escapedJava>false</escapedJava>
  <property name="executionBindingVariables">[]</property>
  <property name="applitools">false</property>
  <property name="remainingRetryCount">0</property>
  <property name="currentRetryCount">0</property>
  <property name="keywordsUsage">{
  &quot;web_ui&quot;: false,
  &quot;web_service&quot;: false,
  &quot;cucumber&quot;: false,
  &quot;builtin&quot;: false,
  &quot;mobile&quot;: false,
  &quot;windows&quot;: false,
  &quot;testng&quot;: false
}</property>
</record>
<record>
  <date>2023-11-22T20:24:50</date>
  <millis>1700681090982</millis>
  <sequence>49</sequence>
  <level>START</level>
  <class>com.kms.katalon.core.logging.XmlKeywordLogger</class>
  <method>startTest</method>
  <thread>1</thread>
  <message>Start Test Case : Test Cases/Cas D Utilisations/Usager Etudiant/TNR R.TSPT Supp90-Etudiant</message>
  <nestedLevel>1</nestedLevel>
  <escapedJava>false</escapedJava>
  <property name="remainingRetryCount">0</property>
  <property name="name">Test Cases/Cas D Utilisations/Usager Etudiant/TNR R.TSPT Supp90-Etudiant</property>
  <property name="description"></property>
  <property name="iteration">FrenchTechVisaForFounders</property>
  <property name="id">Test Cases/Cas D Utilisations/Usager Etudiant/TNR R.TSPT Supp90-Etudiant</property>
  <property name="source">C:\Users\ISSAM.RHARBAOUI\git\22_11\ANEF-AutomatizationProject\Test Cases\Cas D Utilisations\Usager Etudiant\TNR R.TSPT Supp90-Etudiant.tc</property>
  <property name="tag"></property>
  <property name="isOptional">false</property>
  <property name="currentRetryCount">0</property>
</record>
<record>
  <date>2023-11-22T20:24:50</date>
  <millis>1700681090986</millis>
  <sequence>51</sequence>
  <level>ERROR</level>
  <class>com.kms.katalon.core.logging.XmlKeywordLogger</class>
  <method>logMessage</method>
  <thread>1</thread>
  <message>Test Cases/Cas D Utilisations/Usager Etudiant/TNR R.TSPT Supp90-Etudiant has ERROR(s).
Reason:
org.codehaus.groovy.control.MultipleCompilationErrorsException: startup failed:
script1700681090984.groovy: 31: unexpected token: , @ line 31, column 9.
           , (&amp;apos;DateFin&amp;apos;) : DateFin, (&amp;apos;EnvExec&amp;apos;) :EnvExec], FailureHandling.STOP_ON_FAILURE)
           ^

1 error
</message>
  <nestedLevel>1</nestedLevel>
  <escapedJava>false</escapedJava>
  <property name="failed.exception.class">org.codehaus.groovy.control.MultipleCompilationErrorsException</property>
  <property name="failed.exception.stacktrace">org.codehaus.groovy.control.MultipleCompilationErrorsException: startup failed:
script1700681090984.groovy: 31: unexpected token: , @ line 31, column 9.
           , (&apos;DateFin&apos;) : DateFin, (&apos;EnvExec&apos;) :EnvExec], FailureHandling.STOP_ON_FAILURE)
           ^

1 error

	at com.kms.katalon.core.main.TestCaseMethodNodeCollector.&lt;init&gt;(TestCaseMethodNodeCollector.java:43)
	at com.kms.katalon.core.main.TestCaseExecutor.processScriptPreparationPhase(TestCaseExecutor.java:184)
	at com.kms.katalon.core.main.TestCaseExecutor.execute(TestCaseExecutor.java:259)
	at com.kms.katalon.core.common.CommonExecutor.accessTestCaseMainPhase(CommonExecutor.java:65)
	at com.kms.katalon.core.main.TestSuiteExecutor.accessTestSuiteMainPhase(TestSuiteExecutor.java:148)
	at com.kms.katalon.core.main.TestSuiteExecutor.execute(TestSuiteExecutor.java:106)
	at com.kms.katalon.core.main.TestCaseMain.startTestSuite(TestCaseMain.java:187)
	at com.kms.katalon.core.main.TestCaseMain$startTestSuite$0.call(Unknown Source)
	at TempTestSuite1700681086040.run(TempTestSuite1700681086040.groovy:36)
</property>
  <property name="failed.exception.message">startup failed:
script1700681090984.groovy: 31: unexpected token: , @ line 31, column 9.
           , (&apos;DateFin&apos;) : DateFin, (&apos;EnvExec&apos;) :EnvExec], FailureHandling.STOP_ON_FAILURE)
           ^

1 error
</property>
</record>
<record>
  <date>2023-11-22T20:24:50</date>
  <millis>1700681090987</millis>
  <sequence>52</sequence>
  <level>END</level>
  <class>com.kms.katalon.core.logging.XmlKeywordLogger</class>
  <method>endTest</method>
  <thread>1</thread>
  <message>End Test Case : Test Cases/Cas D Utilisations/Usager Etudiant/TNR R.TSPT Supp90-Etudiant</message>
  <nestedLevel>0</nestedLevel>
  <escapedJava>false</escapedJava>
  <property name="executionBindingVariables">[]</property>
  <property name="applitools">false</property>
  <property name="remainingRetryCount">0</property>
  <property name="currentRetryCount">0</property>
  <property name="keywordsUsage">{
  &quot;web_ui&quot;: false,
  &quot;web_service&quot;: false,
  &quot;cucumber&quot;: false,
  &quot;builtin&quot;: false,
  &quot;mobile&quot;: false,
  &quot;windows&quot;: false,
  &quot;testng&quot;: false
}</property>
</record>
<record>
  <date>2023-11-22T20:24:51</date>
  <millis>1700681091115</millis>
  <sequence>53</sequence>
  <level>START</level>
  <class>com.kms.katalon.core.logging.XmlKeywordLogger</class>
  <method>startTest</method>
  <thread>1</thread>
  <message>Start Test Case : Test Cases/Cas D Utilisations/Usager Etudiant/TNR R.TSPT Supp90-Etudiant</message>
  <nestedLevel>1</nestedLevel>
  <escapedJava>false</escapedJava>
  <property name="remainingRetryCount">0</property>
  <property name="name">Test Cases/Cas D Utilisations/Usager Etudiant/TNR R.TSPT Supp90-Etudiant</property>
  <property name="description"></property>
  <property name="iteration">MandataireSocial</property>
  <property name="id">Test Cases/Cas D Utilisations/Usager Etudiant/TNR R.TSPT Supp90-Etudiant</property>
  <property name="source">C:\Users\ISSAM.RHARBAOUI\git\22_11\ANEF-AutomatizationProject\Test Cases\Cas D Utilisations\Usager Etudiant\TNR R.TSPT Supp90-Etudiant.tc</property>
  <property name="tag"></property>
  <property name="isOptional">false</property>
  <property name="currentRetryCount">0</property>
</record>
<record>
  <date>2023-11-22T20:24:51</date>
  <millis>1700681091118</millis>
  <sequence>55</sequence>
  <level>ERROR</level>
  <class>com.kms.katalon.core.logging.XmlKeywordLogger</class>
  <method>logMessage</method>
  <thread>1</thread>
  <message>Test Cases/Cas D Utilisations/Usager Etudiant/TNR R.TSPT Supp90-Etudiant has ERROR(s).
Reason:
org.codehaus.groovy.control.MultipleCompilationErrorsException: startup failed:
script1700681091116.groovy: 31: unexpected token: , @ line 31, column 9.
           , (&amp;apos;DateFin&amp;apos;) : DateFin, (&amp;apos;EnvExec&amp;apos;) :EnvExec], FailureHandling.STOP_ON_FAILURE)
           ^

1 error
</message>
  <nestedLevel>1</nestedLevel>
  <escapedJava>false</escapedJava>
  <property name="failed.exception.class">org.codehaus.groovy.control.MultipleCompilationErrorsException</property>
  <property name="failed.exception.stacktrace">org.codehaus.groovy.control.MultipleCompilationErrorsException: startup failed:
script1700681091116.groovy: 31: unexpected token: , @ line 31, column 9.
           , (&apos;DateFin&apos;) : DateFin, (&apos;EnvExec&apos;) :EnvExec], FailureHandling.STOP_ON_FAILURE)
           ^

1 error

	at com.kms.katalon.core.main.TestCaseMethodNodeCollector.&lt;init&gt;(TestCaseMethodNodeCollector.java:43)
	at com.kms.katalon.core.main.TestCaseExecutor.processScriptPreparationPhase(TestCaseExecutor.java:184)
	at com.kms.katalon.core.main.TestCaseExecutor.execute(TestCaseExecutor.java:259)
	at com.kms.katalon.core.common.CommonExecutor.accessTestCaseMainPhase(CommonExecutor.java:65)
	at com.kms.katalon.core.main.TestSuiteExecutor.accessTestSuiteMainPhase(TestSuiteExecutor.java:148)
	at com.kms.katalon.core.main.TestSuiteExecutor.execute(TestSuiteExecutor.java:106)
	at com.kms.katalon.core.main.TestCaseMain.startTestSuite(TestCaseMain.java:187)
	at com.kms.katalon.core.main.TestCaseMain$startTestSuite$0.call(Unknown Source)
	at TempTestSuite1700681086040.run(TempTestSuite1700681086040.groovy:36)
</property>
  <property name="failed.exception.message">startup failed:
script1700681091116.groovy: 31: unexpected token: , @ line 31, column 9.
           , (&apos;DateFin&apos;) : DateFin, (&apos;EnvExec&apos;) :EnvExec], FailureHandling.STOP_ON_FAILURE)
           ^

1 error
</property>
</record>
<record>
  <date>2023-11-22T20:24:51</date>
  <millis>1700681091119</millis>
  <sequence>56</sequence>
  <level>END</level>
  <class>com.kms.katalon.core.logging.XmlKeywordLogger</class>
  <method>endTest</method>
  <thread>1</thread>
  <message>End Test Case : Test Cases/Cas D Utilisations/Usager Etudiant/TNR R.TSPT Supp90-Etudiant</message>
  <nestedLevel>0</nestedLevel>
  <escapedJava>false</escapedJava>
  <property name="executionBindingVariables">[]</property>
  <property name="applitools">false</property>
  <property name="remainingRetryCount">0</property>
  <property name="currentRetryCount">0</property>
  <property name="keywordsUsage">{
  &quot;web_ui&quot;: false,
  &quot;web_service&quot;: false,
  &quot;cucumber&quot;: false,
  &quot;builtin&quot;: false,
  &quot;mobile&quot;: false,
  &quot;windows&quot;: false,
  &quot;testng&quot;: false
}</property>
</record>
<record>
  <date>2023-11-22T20:24:51</date>
  <millis>1700681091245</millis>
  <sequence>57</sequence>
  <level>START</level>
  <class>com.kms.katalon.core.logging.XmlKeywordLogger</class>
  <method>startTest</method>
  <thread>1</thread>
  <message>Start Test Case : Test Cases/Cas D Utilisations/Usager Etudiant/TNR R.TSPT Supp90-Etudiant</message>
  <nestedLevel>1</nestedLevel>
  <escapedJava>false</escapedJava>
  <property name="remainingRetryCount">0</property>
  <property name="name">Test Cases/Cas D Utilisations/Usager Etudiant/TNR R.TSPT Supp90-Etudiant</property>
  <property name="description"></property>
  <property name="iteration">MembreDeFamillePasseportTalent_Conjoint</property>
  <property name="id">Test Cases/Cas D Utilisations/Usager Etudiant/TNR R.TSPT Supp90-Etudiant</property>
  <property name="source">C:\Users\ISSAM.RHARBAOUI\git\22_11\ANEF-AutomatizationProject\Test Cases\Cas D Utilisations\Usager Etudiant\TNR R.TSPT Supp90-Etudiant.tc</property>
  <property name="tag"></property>
  <property name="isOptional">false</property>
  <property name="currentRetryCount">0</property>
</record>
<record>
  <date>2023-11-22T20:24:51</date>
  <millis>1700681091250</millis>
  <sequence>59</sequence>
  <level>ERROR</level>
  <class>com.kms.katalon.core.logging.XmlKeywordLogger</class>
  <method>logMessage</method>
  <thread>1</thread>
  <message>Test Cases/Cas D Utilisations/Usager Etudiant/TNR R.TSPT Supp90-Etudiant has ERROR(s).
Reason:
org.codehaus.groovy.control.MultipleCompilationErrorsException: startup failed:
script1700681091247.groovy: 31: unexpected token: , @ line 31, column 9.
           , (&amp;apos;DateFin&amp;apos;) : DateFin, (&amp;apos;EnvExec&amp;apos;) :EnvExec], FailureHandling.STOP_ON_FAILURE)
           ^

1 error
</message>
  <nestedLevel>1</nestedLevel>
  <escapedJava>false</escapedJava>
  <property name="failed.exception.class">org.codehaus.groovy.control.MultipleCompilationErrorsException</property>
  <property name="failed.exception.stacktrace">org.codehaus.groovy.control.MultipleCompilationErrorsException: startup failed:
script1700681091247.groovy: 31: unexpected token: , @ line 31, column 9.
           , (&apos;DateFin&apos;) : DateFin, (&apos;EnvExec&apos;) :EnvExec], FailureHandling.STOP_ON_FAILURE)
           ^

1 error

	at com.kms.katalon.core.main.TestCaseMethodNodeCollector.&lt;init&gt;(TestCaseMethodNodeCollector.java:43)
	at com.kms.katalon.core.main.TestCaseExecutor.processScriptPreparationPhase(TestCaseExecutor.java:184)
	at com.kms.katalon.core.main.TestCaseExecutor.execute(TestCaseExecutor.java:259)
	at com.kms.katalon.core.common.CommonExecutor.accessTestCaseMainPhase(CommonExecutor.java:65)
	at com.kms.katalon.core.main.TestSuiteExecutor.accessTestSuiteMainPhase(TestSuiteExecutor.java:148)
	at com.kms.katalon.core.main.TestSuiteExecutor.execute(TestSuiteExecutor.java:106)
	at com.kms.katalon.core.main.TestCaseMain.startTestSuite(TestCaseMain.java:187)
	at com.kms.katalon.core.main.TestCaseMain$startTestSuite$0.call(Unknown Source)
	at TempTestSuite1700681086040.run(TempTestSuite1700681086040.groovy:36)
</property>
  <property name="failed.exception.message">startup failed:
script1700681091247.groovy: 31: unexpected token: , @ line 31, column 9.
           , (&apos;DateFin&apos;) : DateFin, (&apos;EnvExec&apos;) :EnvExec], FailureHandling.STOP_ON_FAILURE)
           ^

1 error
</property>
</record>
<record>
  <date>2023-11-22T20:24:51</date>
  <millis>1700681091251</millis>
  <sequence>60</sequence>
  <level>END</level>
  <class>com.kms.katalon.core.logging.XmlKeywordLogger</class>
  <method>endTest</method>
  <thread>1</thread>
  <message>End Test Case : Test Cases/Cas D Utilisations/Usager Etudiant/TNR R.TSPT Supp90-Etudiant</message>
  <nestedLevel>0</nestedLevel>
  <escapedJava>false</escapedJava>
  <property name="executionBindingVariables">[]</property>
  <property name="applitools">false</property>
  <property name="remainingRetryCount">0</property>
  <property name="currentRetryCount">0</property>
  <property name="keywordsUsage">{
  &quot;web_ui&quot;: false,
  &quot;web_service&quot;: false,
  &quot;cucumber&quot;: false,
  &quot;builtin&quot;: false,
  &quot;mobile&quot;: false,
  &quot;windows&quot;: false,
  &quot;testng&quot;: false
}</property>
</record>
<record>
  <date>2023-11-22T20:24:51</date>
  <millis>1700681091251</millis>
  <sequence>61</sequence>
  <level>START</level>
  <class>com.kms.katalon.core.logging.XmlKeywordLogger</class>
  <method>startKeyword</method>
  <thread>1</thread>
  <message>Start listener action : exportKatalonReports</message>
  <nestedLevel>0</nestedLevel>
  <escapedJava>false</escapedJava>
</record>
<record>
  <date>2023-11-22T20:24:51</date>
  <millis>1700681091252</millis>
  <sequence>62</sequence>
  <level>INFO</level>
  <class>com.kms.katalon.core.logging.XmlKeywordLogger</class>
  <method>logMessage</method>
  <thread>1</thread>
  <message>Starting invoke &amp;apos;com.kms.katalon.core.annotation.AfterTestSuite&amp;apos; method: &amp;apos;KatalonReportListener.exportKatalonReports(...)&amp;apos;</message>
  <nestedLevel>0</nestedLevel>
  <escapedJava>false</escapedJava>
</record>
<record>
  <date>2023-11-22T20:24:51</date>
  <millis>1700681091581</millis>
  <sequence>161</sequence>
  <level>INFO</level>
  <class>com.kms.katalon.core.logging.XmlKeywordLogger</class>
  <method>logMessage</method>
  <thread>1</thread>
  <message>Start generating HTML report folder at: C:\Users\ISSAM.RHARBAOUI\git\22_11\ANEF-AutomatizationProject\Reports\20231122_202446\TS_TNR_R.TSPT_Suppo90\20231122_202446...</message>
  <nestedLevel>0</nestedLevel>
  <escapedJava>false</escapedJava>
</record>
<record>
  <date>2023-11-22T20:24:51</date>
  <millis>1700681091606</millis>
  <sequence>162</sequence>
  <level>INFO</level>
  <class>com.kms.katalon.core.logging.XmlKeywordLogger</class>
  <method>logMessage</method>
  <thread>1</thread>
  <message>HTML report generated</message>
  <nestedLevel>0</nestedLevel>
  <escapedJava>false</escapedJava>
</record>
<record>
  <date>2023-11-22T20:24:51</date>
  <millis>1700681091606</millis>
  <sequence>163</sequence>
  <level>INFO</level>
  <class>com.kms.katalon.core.logging.XmlKeywordLogger</class>
  <method>logMessage</method>
  <thread>1</thread>
  <message>Start generating CSV report folder at: C:\Users\ISSAM.RHARBAOUI\git\22_11\ANEF-AutomatizationProject\Reports\20231122_202446\TS_TNR_R.TSPT_Suppo90\20231122_202446...</message>
  <nestedLevel>0</nestedLevel>
  <escapedJava>false</escapedJava>
</record>
<record>
  <date>2023-11-22T20:24:51</date>
  <millis>1700681091628</millis>
  <sequence>164</sequence>
  <level>INFO</level>
  <class>com.kms.katalon.core.logging.XmlKeywordLogger</class>
  <method>logMessage</method>
  <thread>1</thread>
  <message>CSV report generated</message>
  <nestedLevel>0</nestedLevel>
  <escapedJava>false</escapedJava>
</record>
<record>
  <date>2023-11-22T20:24:51</date>
  <millis>1700681091628</millis>
  <sequence>165</sequence>
  <level>INFO</level>
  <class>com.kms.katalon.core.logging.XmlKeywordLogger</class>
  <method>logMessage</method>
  <thread>1</thread>
  <message>Start generating PDF report folder at: C:\Users\ISSAM.RHARBAOUI\git\22_11\ANEF-AutomatizationProject\Reports\20231122_202446\TS_TNR_R.TSPT_Suppo90\20231122_202446...</message>
  <nestedLevel>0</nestedLevel>
  <escapedJava>false</escapedJava>
</record>
<record>
  <date>2023-11-22T20:24:57</date>
  <millis>1700681097256</millis>
  <sequence>166</sequence>
  <level>INFO</level>
  <class>com.kms.katalon.core.logging.XmlKeywordLogger</class>
  <method>logMessage</method>
  <thread>1</thread>
  <message>PDF report generated</message>
  <nestedLevel>0</nestedLevel>
  <escapedJava>false</escapedJava>
</record>
<record>
  <date>2023-11-22T20:24:57</date>
  <millis>1700681097293</millis>
  <sequence>167</sequence>
  <level>INFO</level>
  <class>com.kms.katalon.core.logging.XmlKeywordLogger</class>
  <method>logMessage</method>
  <thread>1</thread>
  <message>Invoke &amp;apos;com.kms.katalon.core.annotation.AfterTestSuite&amp;apos; method: &amp;apos;KatalonReportListener.exportKatalonReports(...)&amp;apos; completed.</message>
  <nestedLevel>0</nestedLevel>
  <escapedJava>false</escapedJava>
</record>
<record>
  <date>2023-11-22T20:24:57</date>
  <millis>1700681097293</millis>
  <sequence>168</sequence>
  <level>END</level>
  <class>com.kms.katalon.core.logging.XmlKeywordLogger</class>
  <method>endKeyword</method>
  <thread>1</thread>
  <message>End listener action : exportKatalonReports</message>
  <nestedLevel>0</nestedLevel>
  <escapedJava>false</escapedJava>
</record>
<record>
  <date>2023-11-22T20:24:57</date>
  <millis>1700681097358</millis>
  <sequence>169</sequence>
  <level>END</level>
  <class>com.kms.katalon.core.logging.XmlKeywordLogger</class>
  <method>endSuite</method>
  <thread>1</thread>
  <message>End Test Suite : Test Suites/TS_TNR_R.TSPT_Suppo90</message>
  <nestedLevel>0</nestedLevel>
  <escapedJava>false</escapedJava>
</record>
</log>
