<?xml version="1.0" encoding="UTF-8"?>
<testsuites name="TS_TNR_R.TSPT_Suppo90" time="2.379" tests="14" failures="0" errors="14">
   <testsuite name="TS_TNR_R.TSPT_Suppo90" tests="14" failures="0" errors="14" time="2.379" skipped="0" timestamp="2023-11-22 20:24:48" hostname="issam.rharbaoui - FR-L5448059.groupinfra.com" id="Test Suites/TS_TNR_R.TSPT_Suppo90">
      <properties>
         <property name="deviceName" value=""/>
         <property name="devicePlatform" value=""/>
         <property name="logFolder" value="C:\\Users\\ISSAM.RHARBAOUI\\git\\22_11\\ANEF-AutomatizationProject\\Reports\\20231122_202446\\TS_TNR_R.TSPT_Suppo90\\20231122_202446"/>
         <property name="logFiles" value="C:\\Users\\ISSAM.RHARBAOUI\\git\\22_11\\ANEF-AutomatizationProject\\Reports\\20231122_202446\\TS_TNR_R.TSPT_Suppo90\\20231122_202446\\execution0.log"/>
         <property name="attachments" value=""/>
         <property name="hostName" value="issam.rharbaoui - FR-L5448059.groupinfra.com"/>
         <property name="hostAddress" value="192.168.1.134"/>
         <property name="os" value="Windows 10 64bit"/>
         <property name="katalonVersion" value="8.6.5.208"/>
      </properties>
      <testcase name="Test Cases/Cas D Utilisations/Usager Etudiant/TNR R.TSPT Supp90-Etudiant" time="0.041" classname="Test Cases/Cas D Utilisations/Usager Etudiant/TNR R.TSPT Supp90-Etudiant" status="ERROR">
         <error type="ERROR" message="Test Cases/Cas D Utilisations/Usager Etudiant/TNR R.TSPT Supp90-Etudiant has ERROR(s).
Reason:
org.codehaus.groovy.control.MultipleCompilationErrorsException: startup failed:
script1700681089412.groovy: 31: unexpected token: , @ line 31, column 9.
           , ('DateFin') : DateFin, ('EnvExec') :EnvExec], FailureHandling.STOP_ON_FAILURE)
           ^

1 error
"/>
         <system-out><![CDATA[2023-11-22 20:24:49 - [TEST_CASE][ERROR] - Test Cases/Cas D Utilisations/Usager Etudiant/TNR R.TSPT Supp90-Etudiant: Test Cases/Cas D Utilisations/Usager Etudiant/TNR R.TSPT Supp90-Etudiant has ERROR(s).
Reason:
org.codehaus.groovy.control.MultipleCompilationErrorsException: startup failed:
script1700681089412.groovy: 31: unexpected token: , @ line 31, column 9.
           , ('DateFin') : DateFin, ('EnvExec') :EnvExec], FailureHandling.STOP_ON_FAILURE)
           ^

1 error]]></system-out>
         <system-err><![CDATA[2023-11-22 20:24:49 - [TEST_CASE][ERROR] - Test Cases/Cas D Utilisations/Usager Etudiant/TNR R.TSPT Supp90-Etudiant: Test Cases/Cas D Utilisations/Usager Etudiant/TNR R.TSPT Supp90-Etudiant has ERROR(s).
Reason:
org.codehaus.groovy.control.MultipleCompilationErrorsException: startup failed:
script1700681089412.groovy: 31: unexpected token: , @ line 31, column 9.
           , ('DateFin') : DateFin, ('EnvExec') :EnvExec], FailureHandling.STOP_ON_FAILURE)
           ^

1 error]]></system-err>
      </testcase>
      <testcase name="Test Cases/Cas D Utilisations/Usager Etudiant/TNR R.TSPT Supp90-Etudiant" time="0.008" classname="Test Cases/Cas D Utilisations/Usager Etudiant/TNR R.TSPT Supp90-Etudiant" status="ERROR">
         <error type="ERROR" message="Test Cases/Cas D Utilisations/Usager Etudiant/TNR R.TSPT Supp90-Etudiant has ERROR(s).
Reason:
org.codehaus.groovy.control.MultipleCompilationErrorsException: startup failed:
script1700681089615.groovy: 31: unexpected token: , @ line 31, column 9.
           , ('DateFin') : DateFin, ('EnvExec') :EnvExec], FailureHandling.STOP_ON_FAILURE)
           ^

1 error
"/>
         <system-out><![CDATA[2023-11-22 20:24:49 - [TEST_CASE][ERROR] - Test Cases/Cas D Utilisations/Usager Etudiant/TNR R.TSPT Supp90-Etudiant: Test Cases/Cas D Utilisations/Usager Etudiant/TNR R.TSPT Supp90-Etudiant has ERROR(s).
Reason:
org.codehaus.groovy.control.MultipleCompilationErrorsException: startup failed:
script1700681089615.groovy: 31: unexpected token: , @ line 31, column 9.
           , ('DateFin') : DateFin, ('EnvExec') :EnvExec], FailureHandling.STOP_ON_FAILURE)
           ^

1 error]]></system-out>
         <system-err><![CDATA[2023-11-22 20:24:49 - [TEST_CASE][ERROR] - Test Cases/Cas D Utilisations/Usager Etudiant/TNR R.TSPT Supp90-Etudiant: Test Cases/Cas D Utilisations/Usager Etudiant/TNR R.TSPT Supp90-Etudiant has ERROR(s).
Reason:
org.codehaus.groovy.control.MultipleCompilationErrorsException: startup failed:
script1700681089615.groovy: 31: unexpected token: , @ line 31, column 9.
           , ('DateFin') : DateFin, ('EnvExec') :EnvExec], FailureHandling.STOP_ON_FAILURE)
           ^

1 error]]></system-err>
      </testcase>
      <testcase name="Test Cases/Cas D Utilisations/Usager Etudiant/TNR R.TSPT Supp90-Etudiant" time="0.008" classname="Test Cases/Cas D Utilisations/Usager Etudiant/TNR R.TSPT Supp90-Etudiant" status="ERROR">
         <error type="ERROR" message="Test Cases/Cas D Utilisations/Usager Etudiant/TNR R.TSPT Supp90-Etudiant has ERROR(s).
Reason:
org.codehaus.groovy.control.MultipleCompilationErrorsException: startup failed:
script1700681089767.groovy: 31: unexpected token: , @ line 31, column 9.
           , ('DateFin') : DateFin, ('EnvExec') :EnvExec], FailureHandling.STOP_ON_FAILURE)
           ^

1 error
"/>
         <system-out><![CDATA[2023-11-22 20:24:49 - [TEST_CASE][ERROR] - Test Cases/Cas D Utilisations/Usager Etudiant/TNR R.TSPT Supp90-Etudiant: Test Cases/Cas D Utilisations/Usager Etudiant/TNR R.TSPT Supp90-Etudiant has ERROR(s).
Reason:
org.codehaus.groovy.control.MultipleCompilationErrorsException: startup failed:
script1700681089767.groovy: 31: unexpected token: , @ line 31, column 9.
           , ('DateFin') : DateFin, ('EnvExec') :EnvExec], FailureHandling.STOP_ON_FAILURE)
           ^

1 error]]></system-out>
         <system-err><![CDATA[2023-11-22 20:24:49 - [TEST_CASE][ERROR] - Test Cases/Cas D Utilisations/Usager Etudiant/TNR R.TSPT Supp90-Etudiant: Test Cases/Cas D Utilisations/Usager Etudiant/TNR R.TSPT Supp90-Etudiant has ERROR(s).
Reason:
org.codehaus.groovy.control.MultipleCompilationErrorsException: startup failed:
script1700681089767.groovy: 31: unexpected token: , @ line 31, column 9.
           , ('DateFin') : DateFin, ('EnvExec') :EnvExec], FailureHandling.STOP_ON_FAILURE)
           ^

1 error]]></system-err>
      </testcase>
      <testcase name="Test Cases/Cas D Utilisations/Usager Etudiant/TNR R.TSPT Supp90-Etudiant" time="0.005" classname="Test Cases/Cas D Utilisations/Usager Etudiant/TNR R.TSPT Supp90-Etudiant" status="ERROR">
         <error type="ERROR" message="Test Cases/Cas D Utilisations/Usager Etudiant/TNR R.TSPT Supp90-Etudiant has ERROR(s).
Reason:
org.codehaus.groovy.control.MultipleCompilationErrorsException: startup failed:
script1700681089908.groovy: 31: unexpected token: , @ line 31, column 9.
           , ('DateFin') : DateFin, ('EnvExec') :EnvExec], FailureHandling.STOP_ON_FAILURE)
           ^

1 error
"/>
         <system-out><![CDATA[2023-11-22 20:24:49 - [TEST_CASE][ERROR] - Test Cases/Cas D Utilisations/Usager Etudiant/TNR R.TSPT Supp90-Etudiant: Test Cases/Cas D Utilisations/Usager Etudiant/TNR R.TSPT Supp90-Etudiant has ERROR(s).
Reason:
org.codehaus.groovy.control.MultipleCompilationErrorsException: startup failed:
script1700681089908.groovy: 31: unexpected token: , @ line 31, column 9.
           , ('DateFin') : DateFin, ('EnvExec') :EnvExec], FailureHandling.STOP_ON_FAILURE)
           ^

1 error]]></system-out>
         <system-err><![CDATA[2023-11-22 20:24:49 - [TEST_CASE][ERROR] - Test Cases/Cas D Utilisations/Usager Etudiant/TNR R.TSPT Supp90-Etudiant: Test Cases/Cas D Utilisations/Usager Etudiant/TNR R.TSPT Supp90-Etudiant has ERROR(s).
Reason:
org.codehaus.groovy.control.MultipleCompilationErrorsException: startup failed:
script1700681089908.groovy: 31: unexpected token: , @ line 31, column 9.
           , ('DateFin') : DateFin, ('EnvExec') :EnvExec], FailureHandling.STOP_ON_FAILURE)
           ^

1 error]]></system-err>
      </testcase>
      <testcase name="Test Cases/Cas D Utilisations/Usager Etudiant/TNR R.TSPT Supp90-Etudiant" time="0.006" classname="Test Cases/Cas D Utilisations/Usager Etudiant/TNR R.TSPT Supp90-Etudiant" status="ERROR">
         <error type="ERROR" message="Test Cases/Cas D Utilisations/Usager Etudiant/TNR R.TSPT Supp90-Etudiant has ERROR(s).
Reason:
org.codehaus.groovy.control.MultipleCompilationErrorsException: startup failed:
script1700681090040.groovy: 31: unexpected token: , @ line 31, column 9.
           , ('DateFin') : DateFin, ('EnvExec') :EnvExec], FailureHandling.STOP_ON_FAILURE)
           ^

1 error
"/>
         <system-out><![CDATA[2023-11-22 20:24:50 - [TEST_CASE][ERROR] - Test Cases/Cas D Utilisations/Usager Etudiant/TNR R.TSPT Supp90-Etudiant: Test Cases/Cas D Utilisations/Usager Etudiant/TNR R.TSPT Supp90-Etudiant has ERROR(s).
Reason:
org.codehaus.groovy.control.MultipleCompilationErrorsException: startup failed:
script1700681090040.groovy: 31: unexpected token: , @ line 31, column 9.
           , ('DateFin') : DateFin, ('EnvExec') :EnvExec], FailureHandling.STOP_ON_FAILURE)
           ^

1 error]]></system-out>
         <system-err><![CDATA[2023-11-22 20:24:50 - [TEST_CASE][ERROR] - Test Cases/Cas D Utilisations/Usager Etudiant/TNR R.TSPT Supp90-Etudiant: Test Cases/Cas D Utilisations/Usager Etudiant/TNR R.TSPT Supp90-Etudiant has ERROR(s).
Reason:
org.codehaus.groovy.control.MultipleCompilationErrorsException: startup failed:
script1700681090040.groovy: 31: unexpected token: , @ line 31, column 9.
           , ('DateFin') : DateFin, ('EnvExec') :EnvExec], FailureHandling.STOP_ON_FAILURE)
           ^

1 error]]></system-err>
      </testcase>
      <testcase name="Test Cases/Cas D Utilisations/Usager Etudiant/TNR R.TSPT Supp90-Etudiant" time="0.009" classname="Test Cases/Cas D Utilisations/Usager Etudiant/TNR R.TSPT Supp90-Etudiant" status="ERROR">
         <error type="ERROR" message="Test Cases/Cas D Utilisations/Usager Etudiant/TNR R.TSPT Supp90-Etudiant has ERROR(s).
Reason:
org.codehaus.groovy.control.MultipleCompilationErrorsException: startup failed:
script1700681090174.groovy: 31: unexpected token: , @ line 31, column 9.
           , ('DateFin') : DateFin, ('EnvExec') :EnvExec], FailureHandling.STOP_ON_FAILURE)
           ^

1 error
"/>
         <system-out><![CDATA[2023-11-22 20:24:50 - [TEST_CASE][ERROR] - Test Cases/Cas D Utilisations/Usager Etudiant/TNR R.TSPT Supp90-Etudiant: Test Cases/Cas D Utilisations/Usager Etudiant/TNR R.TSPT Supp90-Etudiant has ERROR(s).
Reason:
org.codehaus.groovy.control.MultipleCompilationErrorsException: startup failed:
script1700681090174.groovy: 31: unexpected token: , @ line 31, column 9.
           , ('DateFin') : DateFin, ('EnvExec') :EnvExec], FailureHandling.STOP_ON_FAILURE)
           ^

1 error]]></system-out>
         <system-err><![CDATA[2023-11-22 20:24:50 - [TEST_CASE][ERROR] - Test Cases/Cas D Utilisations/Usager Etudiant/TNR R.TSPT Supp90-Etudiant: Test Cases/Cas D Utilisations/Usager Etudiant/TNR R.TSPT Supp90-Etudiant has ERROR(s).
Reason:
org.codehaus.groovy.control.MultipleCompilationErrorsException: startup failed:
script1700681090174.groovy: 31: unexpected token: , @ line 31, column 9.
           , ('DateFin') : DateFin, ('EnvExec') :EnvExec], FailureHandling.STOP_ON_FAILURE)
           ^

1 error]]></system-err>
      </testcase>
      <testcase name="Test Cases/Cas D Utilisations/Usager Etudiant/TNR R.TSPT Supp90-Etudiant" time="0.008" classname="Test Cases/Cas D Utilisations/Usager Etudiant/TNR R.TSPT Supp90-Etudiant" status="ERROR">
         <error type="ERROR" message="Test Cases/Cas D Utilisations/Usager Etudiant/TNR R.TSPT Supp90-Etudiant has ERROR(s).
Reason:
org.codehaus.groovy.control.MultipleCompilationErrorsException: startup failed:
script1700681090321.groovy: 31: unexpected token: , @ line 31, column 9.
           , ('DateFin') : DateFin, ('EnvExec') :EnvExec], FailureHandling.STOP_ON_FAILURE)
           ^

1 error
"/>
         <system-out><![CDATA[2023-11-22 20:24:50 - [TEST_CASE][ERROR] - Test Cases/Cas D Utilisations/Usager Etudiant/TNR R.TSPT Supp90-Etudiant: Test Cases/Cas D Utilisations/Usager Etudiant/TNR R.TSPT Supp90-Etudiant has ERROR(s).
Reason:
org.codehaus.groovy.control.MultipleCompilationErrorsException: startup failed:
script1700681090321.groovy: 31: unexpected token: , @ line 31, column 9.
           , ('DateFin') : DateFin, ('EnvExec') :EnvExec], FailureHandling.STOP_ON_FAILURE)
           ^

1 error]]></system-out>
         <system-err><![CDATA[2023-11-22 20:24:50 - [TEST_CASE][ERROR] - Test Cases/Cas D Utilisations/Usager Etudiant/TNR R.TSPT Supp90-Etudiant: Test Cases/Cas D Utilisations/Usager Etudiant/TNR R.TSPT Supp90-Etudiant has ERROR(s).
Reason:
org.codehaus.groovy.control.MultipleCompilationErrorsException: startup failed:
script1700681090321.groovy: 31: unexpected token: , @ line 31, column 9.
           , ('DateFin') : DateFin, ('EnvExec') :EnvExec], FailureHandling.STOP_ON_FAILURE)
           ^

1 error]]></system-err>
      </testcase>
      <testcase name="Test Cases/Cas D Utilisations/Usager Etudiant/TNR R.TSPT Supp90-Etudiant" time="0.005" classname="Test Cases/Cas D Utilisations/Usager Etudiant/TNR R.TSPT Supp90-Etudiant" status="ERROR">
         <error type="ERROR" message="Test Cases/Cas D Utilisations/Usager Etudiant/TNR R.TSPT Supp90-Etudiant has ERROR(s).
Reason:
org.codehaus.groovy.control.MultipleCompilationErrorsException: startup failed:
script1700681090462.groovy: 31: unexpected token: , @ line 31, column 9.
           , ('DateFin') : DateFin, ('EnvExec') :EnvExec], FailureHandling.STOP_ON_FAILURE)
           ^

1 error
"/>
         <system-out><![CDATA[2023-11-22 20:24:50 - [TEST_CASE][ERROR] - Test Cases/Cas D Utilisations/Usager Etudiant/TNR R.TSPT Supp90-Etudiant: Test Cases/Cas D Utilisations/Usager Etudiant/TNR R.TSPT Supp90-Etudiant has ERROR(s).
Reason:
org.codehaus.groovy.control.MultipleCompilationErrorsException: startup failed:
script1700681090462.groovy: 31: unexpected token: , @ line 31, column 9.
           , ('DateFin') : DateFin, ('EnvExec') :EnvExec], FailureHandling.STOP_ON_FAILURE)
           ^

1 error]]></system-out>
         <system-err><![CDATA[2023-11-22 20:24:50 - [TEST_CASE][ERROR] - Test Cases/Cas D Utilisations/Usager Etudiant/TNR R.TSPT Supp90-Etudiant: Test Cases/Cas D Utilisations/Usager Etudiant/TNR R.TSPT Supp90-Etudiant has ERROR(s).
Reason:
org.codehaus.groovy.control.MultipleCompilationErrorsException: startup failed:
script1700681090462.groovy: 31: unexpected token: , @ line 31, column 9.
           , ('DateFin') : DateFin, ('EnvExec') :EnvExec], FailureHandling.STOP_ON_FAILURE)
           ^

1 error]]></system-err>
      </testcase>
      <testcase name="Test Cases/Cas D Utilisations/Usager Etudiant/TNR R.TSPT Supp90-Etudiant" time="0.005" classname="Test Cases/Cas D Utilisations/Usager Etudiant/TNR R.TSPT Supp90-Etudiant" status="ERROR">
         <error type="ERROR" message="Test Cases/Cas D Utilisations/Usager Etudiant/TNR R.TSPT Supp90-Etudiant has ERROR(s).
Reason:
org.codehaus.groovy.control.MultipleCompilationErrorsException: startup failed:
script1700681090594.groovy: 31: unexpected token: , @ line 31, column 9.
           , ('DateFin') : DateFin, ('EnvExec') :EnvExec], FailureHandling.STOP_ON_FAILURE)
           ^

1 error
"/>
         <system-out><![CDATA[2023-11-22 20:24:50 - [TEST_CASE][ERROR] - Test Cases/Cas D Utilisations/Usager Etudiant/TNR R.TSPT Supp90-Etudiant: Test Cases/Cas D Utilisations/Usager Etudiant/TNR R.TSPT Supp90-Etudiant has ERROR(s).
Reason:
org.codehaus.groovy.control.MultipleCompilationErrorsException: startup failed:
script1700681090594.groovy: 31: unexpected token: , @ line 31, column 9.
           , ('DateFin') : DateFin, ('EnvExec') :EnvExec], FailureHandling.STOP_ON_FAILURE)
           ^

1 error]]></system-out>
         <system-err><![CDATA[2023-11-22 20:24:50 - [TEST_CASE][ERROR] - Test Cases/Cas D Utilisations/Usager Etudiant/TNR R.TSPT Supp90-Etudiant: Test Cases/Cas D Utilisations/Usager Etudiant/TNR R.TSPT Supp90-Etudiant has ERROR(s).
Reason:
org.codehaus.groovy.control.MultipleCompilationErrorsException: startup failed:
script1700681090594.groovy: 31: unexpected token: , @ line 31, column 9.
           , ('DateFin') : DateFin, ('EnvExec') :EnvExec], FailureHandling.STOP_ON_FAILURE)
           ^

1 error]]></system-err>
      </testcase>
      <testcase name="Test Cases/Cas D Utilisations/Usager Etudiant/TNR R.TSPT Supp90-Etudiant" time="0.005" classname="Test Cases/Cas D Utilisations/Usager Etudiant/TNR R.TSPT Supp90-Etudiant" status="ERROR">
         <error type="ERROR" message="Test Cases/Cas D Utilisations/Usager Etudiant/TNR R.TSPT Supp90-Etudiant has ERROR(s).
Reason:
org.codehaus.groovy.control.MultipleCompilationErrorsException: startup failed:
script1700681090724.groovy: 31: unexpected token: , @ line 31, column 9.
           , ('DateFin') : DateFin, ('EnvExec') :EnvExec], FailureHandling.STOP_ON_FAILURE)
           ^

1 error
"/>
         <system-out><![CDATA[2023-11-22 20:24:50 - [TEST_CASE][ERROR] - Test Cases/Cas D Utilisations/Usager Etudiant/TNR R.TSPT Supp90-Etudiant: Test Cases/Cas D Utilisations/Usager Etudiant/TNR R.TSPT Supp90-Etudiant has ERROR(s).
Reason:
org.codehaus.groovy.control.MultipleCompilationErrorsException: startup failed:
script1700681090724.groovy: 31: unexpected token: , @ line 31, column 9.
           , ('DateFin') : DateFin, ('EnvExec') :EnvExec], FailureHandling.STOP_ON_FAILURE)
           ^

1 error]]></system-out>
         <system-err><![CDATA[2023-11-22 20:24:50 - [TEST_CASE][ERROR] - Test Cases/Cas D Utilisations/Usager Etudiant/TNR R.TSPT Supp90-Etudiant: Test Cases/Cas D Utilisations/Usager Etudiant/TNR R.TSPT Supp90-Etudiant has ERROR(s).
Reason:
org.codehaus.groovy.control.MultipleCompilationErrorsException: startup failed:
script1700681090724.groovy: 31: unexpected token: , @ line 31, column 9.
           , ('DateFin') : DateFin, ('EnvExec') :EnvExec], FailureHandling.STOP_ON_FAILURE)
           ^

1 error]]></system-err>
      </testcase>
      <testcase name="Test Cases/Cas D Utilisations/Usager Etudiant/TNR R.TSPT Supp90-Etudiant" time="0.004" classname="Test Cases/Cas D Utilisations/Usager Etudiant/TNR R.TSPT Supp90-Etudiant" status="ERROR">
         <error type="ERROR" message="Test Cases/Cas D Utilisations/Usager Etudiant/TNR R.TSPT Supp90-Etudiant has ERROR(s).
Reason:
org.codehaus.groovy.control.MultipleCompilationErrorsException: startup failed:
script1700681090850.groovy: 31: unexpected token: , @ line 31, column 9.
           , ('DateFin') : DateFin, ('EnvExec') :EnvExec], FailureHandling.STOP_ON_FAILURE)
           ^

1 error
"/>
         <system-out><![CDATA[2023-11-22 20:24:50 - [TEST_CASE][ERROR] - Test Cases/Cas D Utilisations/Usager Etudiant/TNR R.TSPT Supp90-Etudiant: Test Cases/Cas D Utilisations/Usager Etudiant/TNR R.TSPT Supp90-Etudiant has ERROR(s).
Reason:
org.codehaus.groovy.control.MultipleCompilationErrorsException: startup failed:
script1700681090850.groovy: 31: unexpected token: , @ line 31, column 9.
           , ('DateFin') : DateFin, ('EnvExec') :EnvExec], FailureHandling.STOP_ON_FAILURE)
           ^

1 error]]></system-out>
         <system-err><![CDATA[2023-11-22 20:24:50 - [TEST_CASE][ERROR] - Test Cases/Cas D Utilisations/Usager Etudiant/TNR R.TSPT Supp90-Etudiant: Test Cases/Cas D Utilisations/Usager Etudiant/TNR R.TSPT Supp90-Etudiant has ERROR(s).
Reason:
org.codehaus.groovy.control.MultipleCompilationErrorsException: startup failed:
script1700681090850.groovy: 31: unexpected token: , @ line 31, column 9.
           , ('DateFin') : DateFin, ('EnvExec') :EnvExec], FailureHandling.STOP_ON_FAILURE)
           ^

1 error]]></system-err>
      </testcase>
      <testcase name="Test Cases/Cas D Utilisations/Usager Etudiant/TNR R.TSPT Supp90-Etudiant" time="0.005" classname="Test Cases/Cas D Utilisations/Usager Etudiant/TNR R.TSPT Supp90-Etudiant" status="ERROR">
         <error type="ERROR" message="Test Cases/Cas D Utilisations/Usager Etudiant/TNR R.TSPT Supp90-Etudiant has ERROR(s).
Reason:
org.codehaus.groovy.control.MultipleCompilationErrorsException: startup failed:
script1700681090984.groovy: 31: unexpected token: , @ line 31, column 9.
           , ('DateFin') : DateFin, ('EnvExec') :EnvExec], FailureHandling.STOP_ON_FAILURE)
           ^

1 error
"/>
         <system-out><![CDATA[2023-11-22 20:24:50 - [TEST_CASE][ERROR] - Test Cases/Cas D Utilisations/Usager Etudiant/TNR R.TSPT Supp90-Etudiant: Test Cases/Cas D Utilisations/Usager Etudiant/TNR R.TSPT Supp90-Etudiant has ERROR(s).
Reason:
org.codehaus.groovy.control.MultipleCompilationErrorsException: startup failed:
script1700681090984.groovy: 31: unexpected token: , @ line 31, column 9.
           , ('DateFin') : DateFin, ('EnvExec') :EnvExec], FailureHandling.STOP_ON_FAILURE)
           ^

1 error]]></system-out>
         <system-err><![CDATA[2023-11-22 20:24:50 - [TEST_CASE][ERROR] - Test Cases/Cas D Utilisations/Usager Etudiant/TNR R.TSPT Supp90-Etudiant: Test Cases/Cas D Utilisations/Usager Etudiant/TNR R.TSPT Supp90-Etudiant has ERROR(s).
Reason:
org.codehaus.groovy.control.MultipleCompilationErrorsException: startup failed:
script1700681090984.groovy: 31: unexpected token: , @ line 31, column 9.
           , ('DateFin') : DateFin, ('EnvExec') :EnvExec], FailureHandling.STOP_ON_FAILURE)
           ^

1 error]]></system-err>
      </testcase>
      <testcase name="Test Cases/Cas D Utilisations/Usager Etudiant/TNR R.TSPT Supp90-Etudiant" time="0.004" classname="Test Cases/Cas D Utilisations/Usager Etudiant/TNR R.TSPT Supp90-Etudiant" status="ERROR">
         <error type="ERROR" message="Test Cases/Cas D Utilisations/Usager Etudiant/TNR R.TSPT Supp90-Etudiant has ERROR(s).
Reason:
org.codehaus.groovy.control.MultipleCompilationErrorsException: startup failed:
script1700681091116.groovy: 31: unexpected token: , @ line 31, column 9.
           , ('DateFin') : DateFin, ('EnvExec') :EnvExec], FailureHandling.STOP_ON_FAILURE)
           ^

1 error
"/>
         <system-out><![CDATA[2023-11-22 20:24:51 - [TEST_CASE][ERROR] - Test Cases/Cas D Utilisations/Usager Etudiant/TNR R.TSPT Supp90-Etudiant: Test Cases/Cas D Utilisations/Usager Etudiant/TNR R.TSPT Supp90-Etudiant has ERROR(s).
Reason:
org.codehaus.groovy.control.MultipleCompilationErrorsException: startup failed:
script1700681091116.groovy: 31: unexpected token: , @ line 31, column 9.
           , ('DateFin') : DateFin, ('EnvExec') :EnvExec], FailureHandling.STOP_ON_FAILURE)
           ^

1 error]]></system-out>
         <system-err><![CDATA[2023-11-22 20:24:51 - [TEST_CASE][ERROR] - Test Cases/Cas D Utilisations/Usager Etudiant/TNR R.TSPT Supp90-Etudiant: Test Cases/Cas D Utilisations/Usager Etudiant/TNR R.TSPT Supp90-Etudiant has ERROR(s).
Reason:
org.codehaus.groovy.control.MultipleCompilationErrorsException: startup failed:
script1700681091116.groovy: 31: unexpected token: , @ line 31, column 9.
           , ('DateFin') : DateFin, ('EnvExec') :EnvExec], FailureHandling.STOP_ON_FAILURE)
           ^

1 error]]></system-err>
      </testcase>
      <testcase name="Test Cases/Cas D Utilisations/Usager Etudiant/TNR R.TSPT Supp90-Etudiant" time="0.006" classname="Test Cases/Cas D Utilisations/Usager Etudiant/TNR R.TSPT Supp90-Etudiant" status="ERROR">
         <error type="ERROR" message="Test Cases/Cas D Utilisations/Usager Etudiant/TNR R.TSPT Supp90-Etudiant has ERROR(s).
Reason:
org.codehaus.groovy.control.MultipleCompilationErrorsException: startup failed:
script1700681091247.groovy: 31: unexpected token: , @ line 31, column 9.
           , ('DateFin') : DateFin, ('EnvExec') :EnvExec], FailureHandling.STOP_ON_FAILURE)
           ^

1 error
"/>
         <system-out><![CDATA[2023-11-22 20:24:51 - [TEST_CASE][ERROR] - Test Cases/Cas D Utilisations/Usager Etudiant/TNR R.TSPT Supp90-Etudiant: Test Cases/Cas D Utilisations/Usager Etudiant/TNR R.TSPT Supp90-Etudiant has ERROR(s).
Reason:
org.codehaus.groovy.control.MultipleCompilationErrorsException: startup failed:
script1700681091247.groovy: 31: unexpected token: , @ line 31, column 9.
           , ('DateFin') : DateFin, ('EnvExec') :EnvExec], FailureHandling.STOP_ON_FAILURE)
           ^

1 error]]></system-out>
         <system-err><![CDATA[2023-11-22 20:24:51 - [TEST_CASE][ERROR] - Test Cases/Cas D Utilisations/Usager Etudiant/TNR R.TSPT Supp90-Etudiant: Test Cases/Cas D Utilisations/Usager Etudiant/TNR R.TSPT Supp90-Etudiant has ERROR(s).
Reason:
org.codehaus.groovy.control.MultipleCompilationErrorsException: startup failed:
script1700681091247.groovy: 31: unexpected token: , @ line 31, column 9.
           , ('DateFin') : DateFin, ('EnvExec') :EnvExec], FailureHandling.STOP_ON_FAILURE)
           ^

1 error]]></system-err>
      </testcase>
      <system-out><![CDATA[2023-11-22 20:24:48 - [TEST_SUITE][ERROR] - TS_TNR_R.TSPT_Suppo90: Test Cases/Cas D Utilisations/Usager Etudiant/TNR R.TSPT Supp90-Etudiant has ERROR(s).
Reason:
org.codehaus.groovy.control.MultipleCompilationErrorsException: startup failed:
script1700681089412.groovy: 31: unexpected token: , @ line 31, column 9.
           , ('DateFin') : DateFin, ('EnvExec') :EnvExec], FailureHandling.STOP_ON_FAILURE)
           ^

1 error]]></system-out>
      <system-err><![CDATA[2023-11-22 20:24:48 - [TEST_SUITE][ERROR] - TS_TNR_R.TSPT_Suppo90: Test Cases/Cas D Utilisations/Usager Etudiant/TNR R.TSPT Supp90-Etudiant has ERROR(s).
Reason:
org.codehaus.groovy.control.MultipleCompilationErrorsException: startup failed:
script1700681089412.groovy: 31: unexpected token: , @ line 31, column 9.
           , ('DateFin') : DateFin, ('EnvExec') :EnvExec], FailureHandling.STOP_ON_FAILURE)
           ^

1 error]]></system-err>
   </testsuite>
</testsuites>
