<?xml version="1.0" encoding="UTF-8"?>
<testsuites name="TS_TNR_R.TSPT_Suppo90" time="0.978" tests="3" failures="0" errors="3">
   <testsuite name="TS_TNR_R.TSPT_Suppo90" tests="3" failures="0" errors="3" time="0.978" skipped="0" timestamp="2023-11-22 20:20:48" hostname="issam.rharbaoui - FR-L5448059.groupinfra.com" id="Test Suites/TS_TNR_R.TSPT_Suppo90">
      <properties>
         <property name="deviceName" value=""/>
         <property name="devicePlatform" value=""/>
         <property name="logFolder" value="C:\\Users\\ISSAM.RHARBAOUI\\git\\22_11\\ANEF-AutomatizationProject\\Reports\\20231122_202045\\TS_TNR_R.TSPT_Suppo90\\20231122_202045"/>
         <property name="logFiles" value="C:\\Users\\ISSAM.RHARBAOUI\\git\\22_11\\ANEF-AutomatizationProject\\Reports\\20231122_202045\\TS_TNR_R.TSPT_Suppo90\\20231122_202045\\execution0.log"/>
         <property name="attachments" value=""/>
         <property name="hostName" value="issam.rharbaoui - FR-L5448059.groupinfra.com"/>
         <property name="hostAddress" value="192.168.1.134"/>
         <property name="os" value="Windows 10 64bit"/>
         <property name="katalonVersion" value="8.6.5.208"/>
      </properties>
      <testcase name="Test Cases/Cas D Utilisations/Usager Etudiant/TNR R.TSPT Supp90-Etudiant" time="0.045" classname="Test Cases/Cas D Utilisations/Usager Etudiant/TNR R.TSPT Supp90-Etudiant" status="ERROR">
         <error type="ERROR" message="Test Cases/Cas D Utilisations/Usager Etudiant/TNR R.TSPT Supp90-Etudiant has ERROR(s).
Reason:
org.codehaus.groovy.control.MultipleCompilationErrorsException: startup failed:
script1700680849515.groovy: 31: unexpected token: , @ line 31, column 9.
           , ('DateFin') : DateFin, ('EnvExec') :EnvExec], FailureHandling.STOP_ON_FAILURE)
           ^

1 error
"/>
         <system-out><![CDATA[2023-11-22 20:20:49 - [TEST_CASE][ERROR] - Test Cases/Cas D Utilisations/Usager Etudiant/TNR R.TSPT Supp90-Etudiant: Test Cases/Cas D Utilisations/Usager Etudiant/TNR R.TSPT Supp90-Etudiant has ERROR(s).
Reason:
org.codehaus.groovy.control.MultipleCompilationErrorsException: startup failed:
script1700680849515.groovy: 31: unexpected token: , @ line 31, column 9.
           , ('DateFin') : DateFin, ('EnvExec') :EnvExec], FailureHandling.STOP_ON_FAILURE)
           ^

1 error]]></system-out>
         <system-err><![CDATA[2023-11-22 20:20:49 - [TEST_CASE][ERROR] - Test Cases/Cas D Utilisations/Usager Etudiant/TNR R.TSPT Supp90-Etudiant: Test Cases/Cas D Utilisations/Usager Etudiant/TNR R.TSPT Supp90-Etudiant has ERROR(s).
Reason:
org.codehaus.groovy.control.MultipleCompilationErrorsException: startup failed:
script1700680849515.groovy: 31: unexpected token: , @ line 31, column 9.
           , ('DateFin') : DateFin, ('EnvExec') :EnvExec], FailureHandling.STOP_ON_FAILURE)
           ^

1 error]]></system-err>
      </testcase>
      <testcase name="Test Cases/Cas D Utilisations/Usager Etudiant/TNR R.TSPT Supp90-Etudiant" time="0.009" classname="Test Cases/Cas D Utilisations/Usager Etudiant/TNR R.TSPT Supp90-Etudiant" status="ERROR">
         <error type="ERROR" message="Test Cases/Cas D Utilisations/Usager Etudiant/TNR R.TSPT Supp90-Etudiant has ERROR(s).
Reason:
org.codehaus.groovy.control.MultipleCompilationErrorsException: startup failed:
script1700680849735.groovy: 31: unexpected token: , @ line 31, column 9.
           , ('DateFin') : DateFin, ('EnvExec') :EnvExec], FailureHandling.STOP_ON_FAILURE)
           ^

1 error
"/>
         <system-out><![CDATA[2023-11-22 20:20:49 - [TEST_CASE][ERROR] - Test Cases/Cas D Utilisations/Usager Etudiant/TNR R.TSPT Supp90-Etudiant: Test Cases/Cas D Utilisations/Usager Etudiant/TNR R.TSPT Supp90-Etudiant has ERROR(s).
Reason:
org.codehaus.groovy.control.MultipleCompilationErrorsException: startup failed:
script1700680849735.groovy: 31: unexpected token: , @ line 31, column 9.
           , ('DateFin') : DateFin, ('EnvExec') :EnvExec], FailureHandling.STOP_ON_FAILURE)
           ^

1 error]]></system-out>
         <system-err><![CDATA[2023-11-22 20:20:49 - [TEST_CASE][ERROR] - Test Cases/Cas D Utilisations/Usager Etudiant/TNR R.TSPT Supp90-Etudiant: Test Cases/Cas D Utilisations/Usager Etudiant/TNR R.TSPT Supp90-Etudiant has ERROR(s).
Reason:
org.codehaus.groovy.control.MultipleCompilationErrorsException: startup failed:
script1700680849735.groovy: 31: unexpected token: , @ line 31, column 9.
           , ('DateFin') : DateFin, ('EnvExec') :EnvExec], FailureHandling.STOP_ON_FAILURE)
           ^

1 error]]></system-err>
      </testcase>
      <testcase name="Test Cases/Cas D Utilisations/Usager Etudiant/TNR R.TSPT Supp90-Etudiant" time="0.006" classname="Test Cases/Cas D Utilisations/Usager Etudiant/TNR R.TSPT Supp90-Etudiant" status="ERROR">
         <error type="ERROR" message="Test Cases/Cas D Utilisations/Usager Etudiant/TNR R.TSPT Supp90-Etudiant has ERROR(s).
Reason:
org.codehaus.groovy.control.MultipleCompilationErrorsException: startup failed:
script1700680849890.groovy: 31: unexpected token: , @ line 31, column 9.
           , ('DateFin') : DateFin, ('EnvExec') :EnvExec], FailureHandling.STOP_ON_FAILURE)
           ^

1 error
"/>
         <system-out><![CDATA[2023-11-22 20:20:49 - [TEST_CASE][ERROR] - Test Cases/Cas D Utilisations/Usager Etudiant/TNR R.TSPT Supp90-Etudiant: Test Cases/Cas D Utilisations/Usager Etudiant/TNR R.TSPT Supp90-Etudiant has ERROR(s).
Reason:
org.codehaus.groovy.control.MultipleCompilationErrorsException: startup failed:
script1700680849890.groovy: 31: unexpected token: , @ line 31, column 9.
           , ('DateFin') : DateFin, ('EnvExec') :EnvExec], FailureHandling.STOP_ON_FAILURE)
           ^

1 error]]></system-out>
         <system-err><![CDATA[2023-11-22 20:20:49 - [TEST_CASE][ERROR] - Test Cases/Cas D Utilisations/Usager Etudiant/TNR R.TSPT Supp90-Etudiant: Test Cases/Cas D Utilisations/Usager Etudiant/TNR R.TSPT Supp90-Etudiant has ERROR(s).
Reason:
org.codehaus.groovy.control.MultipleCompilationErrorsException: startup failed:
script1700680849890.groovy: 31: unexpected token: , @ line 31, column 9.
           , ('DateFin') : DateFin, ('EnvExec') :EnvExec], FailureHandling.STOP_ON_FAILURE)
           ^

1 error]]></system-err>
      </testcase>
      <system-out><![CDATA[2023-11-22 20:20:48 - [TEST_SUITE][ERROR] - TS_TNR_R.TSPT_Suppo90: Test Cases/Cas D Utilisations/Usager Etudiant/TNR R.TSPT Supp90-Etudiant has ERROR(s).
Reason:
org.codehaus.groovy.control.MultipleCompilationErrorsException: startup failed:
script1700680849515.groovy: 31: unexpected token: , @ line 31, column 9.
           , ('DateFin') : DateFin, ('EnvExec') :EnvExec], FailureHandling.STOP_ON_FAILURE)
           ^

1 error]]></system-out>
      <system-err><![CDATA[2023-11-22 20:20:48 - [TEST_SUITE][ERROR] - TS_TNR_R.TSPT_Suppo90: Test Cases/Cas D Utilisations/Usager Etudiant/TNR R.TSPT Supp90-Etudiant has ERROR(s).
Reason:
org.codehaus.groovy.control.MultipleCompilationErrorsException: startup failed:
script1700680849515.groovy: 31: unexpected token: , @ line 31, column 9.
           , ('DateFin') : DateFin, ('EnvExec') :EnvExec], FailureHandling.STOP_ON_FAILURE)
           ^

1 error]]></system-err>
   </testsuite>
</testsuites>
